<?xml version="1.0" encoding="UTF-8"?>
<testsuite xmlns:xsi="http://www.w3.org/2001/XMLSchema-instance" xsi:noNamespaceSchemaLocation="https://maven.apache.org/surefire/maven-surefire-plugin/xsd/surefire-test-report.xsd" name="com.yeweiyang.token.Test1114ApplicationTests" time="4.035" tests="3" errors="1" skipped="0" failures="0">
  <properties>
    <property name="gopherProxySet" value="false"/>
    <property name="awt.toolkit" value="sun.lwawt.macosx.LWCToolkit"/>
    <property name="socksProxyHost" value="127.0.0.1"/>
    <property name="http.proxyHost" value="127.0.0.1"/>
    <property name="java.specification.version" value="1.8"/>
    <property name="file.encoding.pkg" value="sun.io"/>
    <property name="sun.cpu.isalist" value=""/>
    <property name="sun.jnu.encoding" value="UTF-8"/>
    <property name="java.class.path" value="/Users/jay/Desktop/Java/GitHubProject/saTokenTest/saTokenDemo/target/test-classes:/Users/jay/Desktop/Java/GitHubProject/saTokenTest/saTokenDemo/target/classes:/Users/jay/Desktop/Java/learn/maven_repository/org/projectlombok/lombok/1.16.20/lombok-1.16.20.jar:/Users/jay/Desktop/Java/learn/maven_repository/org/springframework/boot/spring-boot-starter-web/2.4.1/spring-boot-starter-web-2.4.1.jar:/Users/jay/Desktop/Java/learn/maven_repository/org/springframework/boot/spring-boot-starter/2.4.1/spring-boot-starter-2.4.1.jar:/Users/jay/Desktop/Java/learn/maven_repository/org/springframework/boot/spring-boot/2.4.1/spring-boot-2.4.1.jar:/Users/jay/Desktop/Java/learn/maven_repository/org/springframework/boot/spring-boot-starter-logging/2.4.1/spring-boot-starter-logging-2.4.1.jar:/Users/jay/Desktop/Java/learn/maven_repository/ch/qos/logback/logback-classic/1.2.3/logback-classic-1.2.3.jar:/Users/jay/Desktop/Java/learn/maven_repository/org/apache/logging/log4j/log4j-to-slf4j/2.13.3/log4j-to-slf4j-2.13.3.jar:/Users/jay/Desktop/Java/learn/maven_repository/org/apache/logging/log4j/log4j-api/2.13.3/log4j-api-2.13.3.jar:/Users/jay/Desktop/Java/learn/maven_repository/org/slf4j/jul-to-slf4j/1.7.30/jul-to-slf4j-1.7.30.jar:/Users/jay/Desktop/Java/learn/maven_repository/jakarta/annotation/jakarta.annotation-api/1.3.5/jakarta.annotation-api-1.3.5.jar:/Users/jay/Desktop/Java/learn/maven_repository/org/yaml/snakeyaml/1.27/snakeyaml-1.27.jar:/Users/jay/Desktop/Java/learn/maven_repository/org/springframework/boot/spring-boot-starter-json/2.4.1/spring-boot-starter-json-2.4.1.jar:/Users/jay/Desktop/Java/learn/maven_repository/com/fasterxml/jackson/core/jackson-databind/2.11.3/jackson-databind-2.11.3.jar:/Users/jay/Desktop/Java/learn/maven_repository/com/fasterxml/jackson/core/jackson-core/2.11.3/jackson-core-2.11.3.jar:/Users/jay/Desktop/Java/learn/maven_repository/com/fasterxml/jackson/datatype/jackson-datatype-jdk8/2.11.3/jackson-datatype-jdk8-2.11.3.jar:/Users/jay/Desktop/Java/learn/maven_repository/com/fasterxml/jackson/datatype/jackson-datatype-jsr310/2.11.3/jackson-datatype-jsr310-2.11.3.jar:/Users/jay/Desktop/Java/learn/maven_repository/com/fasterxml/jackson/module/jackson-module-parameter-names/2.11.3/jackson-module-parameter-names-2.11.3.jar:/Users/jay/Desktop/Java/learn/maven_repository/org/springframework/boot/spring-boot-starter-tomcat/2.4.1/spring-boot-starter-tomcat-2.4.1.jar:/Users/jay/Desktop/Java/learn/maven_repository/org/apache/tomcat/embed/tomcat-embed-core/9.0.41/tomcat-embed-core-9.0.41.jar:/Users/jay/Desktop/Java/learn/maven_repository/org/glassfish/jakarta.el/3.0.3/jakarta.el-3.0.3.jar:/Users/jay/Desktop/Java/learn/maven_repository/org/apache/tomcat/embed/tomcat-embed-websocket/9.0.41/tomcat-embed-websocket-9.0.41.jar:/Users/jay/Desktop/Java/learn/maven_repository/org/springframework/spring-web/5.3.2/spring-web-5.3.2.jar:/Users/jay/Desktop/Java/learn/maven_repository/org/springframework/spring-webmvc/5.3.2/spring-webmvc-5.3.2.jar:/Users/jay/Desktop/Java/learn/maven_repository/org/springframework/spring-aop/5.3.2/spring-aop-5.3.2.jar:/Users/jay/Desktop/Java/learn/maven_repository/org/springframework/spring-context/5.3.2/spring-context-5.3.2.jar:/Users/jay/Desktop/Java/learn/maven_repository/org/springframework/spring-expression/5.3.2/spring-expression-5.3.2.jar:/Users/jay/Desktop/Java/learn/maven_repository/org/springframework/boot/spring-boot-starter-test/2.4.1/spring-boot-starter-test-2.4.1.jar:/Users/jay/Desktop/Java/learn/maven_repository/org/springframework/boot/spring-boot-test/2.4.1/spring-boot-test-2.4.1.jar:/Users/jay/Desktop/Java/learn/maven_repository/org/springframework/boot/spring-boot-test-autoconfigure/2.4.1/spring-boot-test-autoconfigure-2.4.1.jar:/Users/jay/Desktop/Java/learn/maven_repository/com/jayway/jsonpath/json-path/2.4.0/json-path-2.4.0.jar:/Users/jay/Desktop/Java/learn/maven_repository/net/minidev/json-smart/2.3/json-smart-2.3.jar:/Users/jay/Desktop/Java/learn/maven_repository/net/minidev/accessors-smart/1.2/accessors-smart-1.2.jar:/Users/jay/Desktop/Java/learn/maven_repository/org/ow2/asm/asm/5.0.4/asm-5.0.4.jar:/Users/jay/Desktop/Java/learn/maven_repository/jakarta/xml/bind/jakarta.xml.bind-api/2.3.3/jakarta.xml.bind-api-2.3.3.jar:/Users/jay/Desktop/Java/learn/maven_repository/jakarta/activation/jakarta.activation-api/1.2.2/jakarta.activation-api-1.2.2.jar:/Users/jay/Desktop/Java/learn/maven_repository/org/assertj/assertj-core/3.18.1/assertj-core-3.18.1.jar:/Users/jay/Desktop/Java/learn/maven_repository/org/hamcrest/hamcrest/2.2/hamcrest-2.2.jar:/Users/jay/Desktop/Java/learn/maven_repository/org/junit/jupiter/junit-jupiter/5.7.0/junit-jupiter-5.7.0.jar:/Users/jay/Desktop/Java/learn/maven_repository/org/junit/jupiter/junit-jupiter-api/5.7.0/junit-jupiter-api-5.7.0.jar:/Users/jay/Desktop/Java/learn/maven_repository/org/apiguardian/apiguardian-api/1.1.0/apiguardian-api-1.1.0.jar:/Users/jay/Desktop/Java/learn/maven_repository/org/opentest4j/opentest4j/1.2.0/opentest4j-1.2.0.jar:/Users/jay/Desktop/Java/learn/maven_repository/org/junit/platform/junit-platform-commons/1.7.0/junit-platform-commons-1.7.0.jar:/Users/jay/Desktop/Java/learn/maven_repository/org/junit/jupiter/junit-jupiter-params/5.7.0/junit-jupiter-params-5.7.0.jar:/Users/jay/Desktop/Java/learn/maven_repository/org/junit/jupiter/junit-jupiter-engine/5.7.0/junit-jupiter-engine-5.7.0.jar:/Users/jay/Desktop/Java/learn/maven_repository/org/junit/platform/junit-platform-engine/1.7.0/junit-platform-engine-1.7.0.jar:/Users/jay/Desktop/Java/learn/maven_repository/org/mockito/mockito-core/3.6.28/mockito-core-3.6.28.jar:/Users/jay/Desktop/Java/learn/maven_repository/net/bytebuddy/byte-buddy/1.10.18/byte-buddy-1.10.18.jar:/Users/jay/Desktop/Java/learn/maven_repository/net/bytebuddy/byte-buddy-agent/1.10.18/byte-buddy-agent-1.10.18.jar:/Users/jay/Desktop/Java/learn/maven_repository/org/objenesis/objenesis/3.1/objenesis-3.1.jar:/Users/jay/Desktop/Java/learn/maven_repository/org/mockito/mockito-junit-jupiter/3.6.28/mockito-junit-jupiter-3.6.28.jar:/Users/jay/Desktop/Java/learn/maven_repository/org/skyscreamer/jsonassert/1.5.0/jsonassert-1.5.0.jar:/Users/jay/Desktop/Java/learn/maven_repository/com/vaadin/external/google/android-json/0.0.20131108.vaadin1/android-json-0.0.20131108.vaadin1.jar:/Users/jay/Desktop/Java/learn/maven_repository/org/springframework/spring-core/5.3.2/spring-core-5.3.2.jar:/Users/jay/Desktop/Java/learn/maven_repository/org/springframework/spring-jcl/5.3.2/spring-jcl-5.3.2.jar:/Users/jay/Desktop/Java/learn/maven_repository/org/springframework/spring-test/5.3.2/spring-test-5.3.2.jar:/Users/jay/Desktop/Java/learn/maven_repository/org/xmlunit/xmlunit-core/2.7.0/xmlunit-core-2.7.0.jar:/Users/jay/Desktop/Java/learn/maven_repository/org/springframework/spring-jdbc/5.3.13/spring-jdbc-5.3.13.jar:/Users/jay/Desktop/Java/learn/maven_repository/org/springframework/spring-beans/5.3.2/spring-beans-5.3.2.jar:/Users/jay/Desktop/Java/learn/maven_repository/org/springframework/spring-tx/5.3.2/spring-tx-5.3.2.jar:/Users/jay/Desktop/Java/learn/maven_repository/mysql/mysql-connector-java/8.0.22/mysql-connector-java-8.0.22.jar:/Users/jay/Desktop/Java/learn/maven_repository/com/baomidou/mybatis-plus-boot-starter/3.1.1/mybatis-plus-boot-starter-3.1.1.jar:/Users/jay/Desktop/Java/learn/maven_repository/com/baomidou/mybatis-plus/3.1.1/mybatis-plus-3.1.1.jar:/Users/jay/Desktop/Java/learn/maven_repository/com/baomidou/mybatis-plus-extension/3.1.1/mybatis-plus-extension-3.1.1.jar:/Users/jay/Desktop/Java/learn/maven_repository/com/baomidou/mybatis-plus-core/3.1.1/mybatis-plus-core-3.1.1.jar:/Users/jay/Desktop/Java/learn/maven_repository/com/baomidou/mybatis-plus-annotation/3.1.1/mybatis-plus-annotation-3.1.1.jar:/Users/jay/Desktop/Java/learn/maven_repository/com/github/jsqlparser/jsqlparser/1.2/jsqlparser-1.2.jar:/Users/jay/Desktop/Java/learn/maven_repository/org/mybatis/mybatis/3.5.1/mybatis-3.5.1.jar:/Users/jay/Desktop/Java/learn/maven_repository/org/mybatis/mybatis-spring/2.0.1/mybatis-spring-2.0.1.jar:/Users/jay/Desktop/Java/learn/maven_repository/org/springframework/boot/spring-boot-autoconfigure/2.4.1/spring-boot-autoconfigure-2.4.1.jar:/Users/jay/Desktop/Java/learn/maven_repository/org/springframework/boot/spring-boot-starter-jdbc/2.4.1/spring-boot-starter-jdbc-2.4.1.jar:/Users/jay/Desktop/Java/learn/maven_repository/com/zaxxer/HikariCP/3.4.5/HikariCP-3.4.5.jar:/Users/jay/Desktop/Java/learn/maven_repository/cn/afterturn/easypoi-base/4.0.0/easypoi-base-4.0.0.jar:/Users/jay/Desktop/Java/learn/maven_repository/org/apache/poi/poi/4.0.0/poi-4.0.0.jar:/Users/jay/Desktop/Java/learn/maven_repository/commons-codec/commons-codec/1.15/commons-codec-1.15.jar:/Users/jay/Desktop/Java/learn/maven_repository/org/apache/commons/commons-collections4/4.2/commons-collections4-4.2.jar:/Users/jay/Desktop/Java/learn/maven_repository/org/apache/poi/poi-ooxml/4.0.0/poi-ooxml-4.0.0.jar:/Users/jay/Desktop/Java/learn/maven_repository/org/apache/commons/commons-compress/1.18/commons-compress-1.18.jar:/Users/jay/Desktop/Java/learn/maven_repository/com/github/virtuald/curvesapi/1.04/curvesapi-1.04.jar:/Users/jay/Desktop/Java/learn/maven_repository/com/google/guava/guava/16.0.1/guava-16.0.1.jar:/Users/jay/Desktop/Java/learn/maven_repository/ognl/ognl/3.2.6/ognl-3.2.6.jar:/Users/jay/Desktop/Java/learn/maven_repository/org/javassist/javassist/3.20.0-GA/javassist-3.20.0-GA.jar:/Users/jay/Desktop/Java/learn/maven_repository/org/slf4j/slf4j-api/1.7.30/slf4j-api-1.7.30.jar:/Users/jay/Desktop/Java/learn/maven_repository/javax/validation/validation-api/2.0.1.Final/validation-api-2.0.1.Final.jar:/Users/jay/Desktop/Java/learn/maven_repository/cn/afterturn/easypoi-web/4.0.0/easypoi-web-4.0.0.jar:/Users/jay/Desktop/Java/learn/maven_repository/cn/afterturn/easypoi-annotation/4.0.0/easypoi-annotation-4.0.0.jar:/Users/jay/Desktop/Java/learn/maven_repository/org/apache/poi/poi-ooxml-schemas/4.1.2/poi-ooxml-schemas-4.1.2.jar:/Users/jay/Desktop/Java/learn/maven_repository/org/apache/xmlbeans/xmlbeans/3.1.0/xmlbeans-3.1.0.jar:/Users/jay/Desktop/Java/learn/maven_repository/org/codehaus/jackson/jackson-xc/1.9.12/jackson-xc-1.9.12.jar:/Users/jay/Desktop/Java/learn/maven_repository/org/codehaus/jackson/jackson-core-asl/1.9.12/jackson-core-asl-1.9.12.jar:/Users/jay/Desktop/Java/learn/maven_repository/org/codehaus/jackson/jackson-mapper-asl/1.9.12/jackson-mapper-asl-1.9.12.jar:/Users/jay/Desktop/Java/learn/maven_repository/joda-time/joda-time/2.10.13/joda-time-2.10.13.jar:/Users/jay/Desktop/Java/learn/maven_repository/org/apache/commons/commons-lang3/3.11/commons-lang3-3.11.jar:/Users/jay/Desktop/Java/learn/maven_repository/org/mapstruct/mapstruct/1.4.2.Final/mapstruct-1.4.2.Final.jar:/Users/jay/Desktop/Java/learn/maven_repository/cn/hutool/hutool-all/5.7.16/hutool-all-5.7.16.jar:/Users/jay/Desktop/Java/learn/maven_repository/io/springfox/springfox-swagger2/2.7.0/springfox-swagger2-2.7.0.jar:/Users/jay/Desktop/Java/learn/maven_repository/io/swagger/swagger-annotations/1.5.13/swagger-annotations-1.5.13.jar:/Users/jay/Desktop/Java/learn/maven_repository/io/swagger/swagger-models/1.5.13/swagger-models-1.5.13.jar:/Users/jay/Desktop/Java/learn/maven_repository/com/fasterxml/jackson/core/jackson-annotations/2.11.3/jackson-annotations-2.11.3.jar:/Users/jay/Desktop/Java/learn/maven_repository/io/springfox/springfox-spi/2.7.0/springfox-spi-2.7.0.jar:/Users/jay/Desktop/Java/learn/maven_repository/io/springfox/springfox-core/2.7.0/springfox-core-2.7.0.jar:/Users/jay/Desktop/Java/learn/maven_repository/io/springfox/springfox-schema/2.7.0/springfox-schema-2.7.0.jar:/Users/jay/Desktop/Java/learn/maven_repository/io/springfox/springfox-swagger-common/2.7.0/springfox-swagger-common-2.7.0.jar:/Users/jay/Desktop/Java/learn/maven_repository/io/springfox/springfox-spring-web/2.7.0/springfox-spring-web-2.7.0.jar:/Users/jay/Desktop/Java/learn/maven_repository/org/reflections/reflections/0.9.11/reflections-0.9.11.jar:/Users/jay/Desktop/Java/learn/maven_repository/com/fasterxml/classmate/1.5.1/classmate-1.5.1.jar:/Users/jay/Desktop/Java/learn/maven_repository/org/springframework/plugin/spring-plugin-core/1.2.0.RELEASE/spring-plugin-core-1.2.0.RELEASE.jar:/Users/jay/Desktop/Java/learn/maven_repository/org/springframework/plugin/spring-plugin-metadata/1.2.0.RELEASE/spring-plugin-metadata-1.2.0.RELEASE.jar:/Users/jay/Desktop/Java/learn/maven_repository/io/springfox/springfox-swagger-ui/2.7.0/springfox-swagger-ui-2.7.0.jar:/Users/jay/Desktop/Java/learn/maven_repository/org/springframework/boot/spring-boot-starter-data-redis/2.4.1/spring-boot-starter-data-redis-2.4.1.jar:/Users/jay/Desktop/Java/learn/maven_repository/org/springframework/data/spring-data-redis/2.4.2/spring-data-redis-2.4.2.jar:/Users/jay/Desktop/Java/learn/maven_repository/org/springframework/data/spring-data-keyvalue/2.4.2/spring-data-keyvalue-2.4.2.jar:/Users/jay/Desktop/Java/learn/maven_repository/org/springframework/data/spring-data-commons/2.4.2/spring-data-commons-2.4.2.jar:/Users/jay/Desktop/Java/learn/maven_repository/org/springframework/spring-oxm/5.3.2/spring-oxm-5.3.2.jar:/Users/jay/Desktop/Java/learn/maven_repository/org/springframework/spring-context-support/5.3.2/spring-context-support-5.3.2.jar:/Users/jay/Desktop/Java/learn/maven_repository/io/lettuce/lettuce-core/6.0.1.RELEASE/lettuce-core-6.0.1.RELEASE.jar:/Users/jay/Desktop/Java/learn/maven_repository/io/netty/netty-common/4.1.55.Final/netty-common-4.1.55.Final.jar:/Users/jay/Desktop/Java/learn/maven_repository/io/netty/netty-handler/4.1.55.Final/netty-handler-4.1.55.Final.jar:/Users/jay/Desktop/Java/learn/maven_repository/io/netty/netty-resolver/4.1.55.Final/netty-resolver-4.1.55.Final.jar:/Users/jay/Desktop/Java/learn/maven_repository/io/netty/netty-buffer/4.1.55.Final/netty-buffer-4.1.55.Final.jar:/Users/jay/Desktop/Java/learn/maven_repository/io/netty/netty-codec/4.1.55.Final/netty-codec-4.1.55.Final.jar:/Users/jay/Desktop/Java/learn/maven_repository/io/netty/netty-transport/4.1.55.Final/netty-transport-4.1.55.Final.jar:/Users/jay/Desktop/Java/learn/maven_repository/io/projectreactor/reactor-core/3.4.1/reactor-core-3.4.1.jar:/Users/jay/Desktop/Java/learn/maven_repository/org/reactivestreams/reactive-streams/1.0.3/reactive-streams-1.0.3.jar:/Users/jay/Desktop/Java/learn/maven_repository/cn/dev33/sa-token-spring-boot-starter/1.28.0/sa-token-spring-boot-starter-1.28.0.jar:/Users/jay/Desktop/Java/learn/maven_repository/cn/dev33/sa-token-servlet/1.28.0/sa-token-servlet-1.28.0.jar:/Users/jay/Desktop/Java/learn/maven_repository/cn/dev33/sa-token-dao-redis-jackson/1.28.0/sa-token-dao-redis-jackson-1.28.0.jar:/Users/jay/Desktop/Java/learn/maven_repository/cn/dev33/sa-token-core/1.28.0/sa-token-core-1.28.0.jar:/Users/jay/Desktop/Java/learn/maven_repository/org/apache/commons/commons-pool2/2.9.0/commons-pool2-2.9.0.jar:/Users/jay/Desktop/Java/learn/maven_repository/cn/dev33/sa-token-spring-aop/1.28.0/sa-token-spring-aop-1.28.0.jar:/Users/jay/Desktop/Java/learn/maven_repository/org/springframework/boot/spring-boot-starter-aop/2.4.1/spring-boot-starter-aop-2.4.1.jar:/Users/jay/Desktop/Java/learn/maven_repository/org/aspectj/aspectjweaver/1.9.6/aspectjweaver-1.9.6.jar:/Users/jay/Desktop/Java/learn/maven_repository/cn/dev33/sa-token-alone-redis/1.30.0/sa-token-alone-redis-1.30.0.jar:/Users/jay/Desktop/Java/learn/maven_repository/com/xuxueli/xxl-job-core/2.3.0/xxl-job-core-2.3.0.jar:/Users/jay/Desktop/Java/learn/maven_repository/io/netty/netty-all/4.1.55.Final/netty-all-4.1.55.Final.jar:/Users/jay/Desktop/Java/learn/maven_repository/com/google/code/gson/gson/2.8.6/gson-2.8.6.jar:/Users/jay/Desktop/Java/learn/maven_repository/org/codehaus/groovy/groovy/2.5.14/groovy-2.5.14.jar:/Users/jay/Desktop/Java/learn/maven_repository/com/alibaba/fastjson/1.2.79/fastjson-1.2.79.jar:/Users/jay/Desktop/Java/learn/maven_repository/com/alibaba/boot/nacos-config-spring-boot-starter/0.2.1/nacos-config-spring-boot-starter-0.2.1.jar:/Users/jay/Desktop/Java/learn/maven_repository/com/alibaba/nacos/nacos-spring-context/0.2.2-RC1/nacos-spring-context-0.2.2-RC1.jar:/Users/jay/Desktop/Java/learn/maven_repository/com/alibaba/nacos/nacos-client/0.2.1-RC1/nacos-client-0.2.1-RC1.jar:/Users/jay/Desktop/Java/learn/maven_repository/com/alibaba/nacos/nacos-common/0.2.1-RC1/nacos-common-0.2.1-RC1.jar:/Users/jay/Desktop/Java/learn/maven_repository/commons-io/commons-io/2.2/commons-io-2.2.jar:/Users/jay/Desktop/Java/learn/maven_repository/com/alibaba/nacos/nacos-api/0.2.1-RC1/nacos-api-0.2.1-RC1.jar:/Users/jay/Desktop/Java/learn/maven_repository/ch/qos/logback/logback-core/1.2.3/logback-core-1.2.3.jar:/Users/jay/Desktop/Java/learn/maven_repository/org/codehaus/jackson/jackson-mapper-lgpl/1.9.6/jackson-mapper-lgpl-1.9.6.jar:/Users/jay/Desktop/Java/learn/maven_repository/org/codehaus/jackson/jackson-core-lgpl/1.9.6/jackson-core-lgpl-1.9.6.jar:/Users/jay/Desktop/Java/learn/maven_repository/com/alibaba/spring/spring-context-support/1.0.1/spring-context-support-1.0.1.jar:/Users/jay/Desktop/Java/learn/maven_repository/com/alibaba/boot/nacos-config-spring-boot-autoconfigure/0.2.1/nacos-config-spring-boot-autoconfigure-0.2.1.jar:/Users/jay/Desktop/Java/learn/maven_repository/com/alibaba/boot/nacos-spring-boot-base/0.2.1/nacos-spring-boot-base-0.2.1.jar:/Users/jay/Desktop/Java/learn/maven_repository/com/alibaba/boot/nacos-config-spring-boot-actuator/0.2.1/nacos-config-spring-boot-actuator-0.2.1.jar:"/>
    <property name="https.proxyPort" value="7890"/>
    <property name="java.vm.vendor" value="Azul Systems, Inc."/>
    <property name="sun.arch.data.model" value="64"/>
    <property name="java.vendor.url" value="http://www.azul.com/"/>
    <property name="user.timezone" value=""/>
    <property name="java.vm.specification.version" value="1.8"/>
    <property name="os.name" value="Mac OS X"/>
    <property name="user.country" value="CN"/>
    <property name="sun.java.launcher" value="SUN_STANDARD"/>
    <property name="sun.boot.library.path" value="/Library/Java/JavaVirtualMachines/zulu-8.jdk/Contents/Home/jre/lib"/>
    <property name="sun.java.command" value="/Users/jay/Desktop/Java/GitHubProject/saTokenTest/saTokenDemo/target/surefire/surefirebooter8844091486853757509.jar /Users/jay/Desktop/Java/GitHubProject/saTokenTest/saTokenDemo/target/surefire 2023-05-18T17-00-13_114-jvmRun1 surefire7044098363833780386tmp surefire_03735907299519992544tmp"/>
    <property name="http.nonProxyHosts" value="192.168.0.0/16|*.192.168.0.0/16|10.0.0.0/8|*.10.0.0.0/8|172.16.0.0/12|*.172.16.0.0/12|127.0.0.1|localhost|*.localhost|local|*.local|timestamp.apple.com|*.timestamp.apple.com|sequoia.apple.com|*.sequoia.apple.com|seed-sequoia.siri.apple.com|*.seed-sequoia.siri.apple.com"/>
    <property name="surefire.test.class.path" value="/Users/jay/Desktop/Java/GitHubProject/saTokenTest/saTokenDemo/target/test-classes:/Users/jay/Desktop/Java/GitHubProject/saTokenTest/saTokenDemo/target/classes:/Users/jay/Desktop/Java/learn/maven_repository/org/projectlombok/lombok/1.16.20/lombok-1.16.20.jar:/Users/jay/Desktop/Java/learn/maven_repository/org/springframework/boot/spring-boot-starter-web/2.4.1/spring-boot-starter-web-2.4.1.jar:/Users/jay/Desktop/Java/learn/maven_repository/org/springframework/boot/spring-boot-starter/2.4.1/spring-boot-starter-2.4.1.jar:/Users/jay/Desktop/Java/learn/maven_repository/org/springframework/boot/spring-boot/2.4.1/spring-boot-2.4.1.jar:/Users/jay/Desktop/Java/learn/maven_repository/org/springframework/boot/spring-boot-starter-logging/2.4.1/spring-boot-starter-logging-2.4.1.jar:/Users/jay/Desktop/Java/learn/maven_repository/ch/qos/logback/logback-classic/1.2.3/logback-classic-1.2.3.jar:/Users/jay/Desktop/Java/learn/maven_repository/org/apache/logging/log4j/log4j-to-slf4j/2.13.3/log4j-to-slf4j-2.13.3.jar:/Users/jay/Desktop/Java/learn/maven_repository/org/apache/logging/log4j/log4j-api/2.13.3/log4j-api-2.13.3.jar:/Users/jay/Desktop/Java/learn/maven_repository/org/slf4j/jul-to-slf4j/1.7.30/jul-to-slf4j-1.7.30.jar:/Users/jay/Desktop/Java/learn/maven_repository/jakarta/annotation/jakarta.annotation-api/1.3.5/jakarta.annotation-api-1.3.5.jar:/Users/jay/Desktop/Java/learn/maven_repository/org/yaml/snakeyaml/1.27/snakeyaml-1.27.jar:/Users/jay/Desktop/Java/learn/maven_repository/org/springframework/boot/spring-boot-starter-json/2.4.1/spring-boot-starter-json-2.4.1.jar:/Users/jay/Desktop/Java/learn/maven_repository/com/fasterxml/jackson/core/jackson-databind/2.11.3/jackson-databind-2.11.3.jar:/Users/jay/Desktop/Java/learn/maven_repository/com/fasterxml/jackson/core/jackson-core/2.11.3/jackson-core-2.11.3.jar:/Users/jay/Desktop/Java/learn/maven_repository/com/fasterxml/jackson/datatype/jackson-datatype-jdk8/2.11.3/jackson-datatype-jdk8-2.11.3.jar:/Users/jay/Desktop/Java/learn/maven_repository/com/fasterxml/jackson/datatype/jackson-datatype-jsr310/2.11.3/jackson-datatype-jsr310-2.11.3.jar:/Users/jay/Desktop/Java/learn/maven_repository/com/fasterxml/jackson/module/jackson-module-parameter-names/2.11.3/jackson-module-parameter-names-2.11.3.jar:/Users/jay/Desktop/Java/learn/maven_repository/org/springframework/boot/spring-boot-starter-tomcat/2.4.1/spring-boot-starter-tomcat-2.4.1.jar:/Users/jay/Desktop/Java/learn/maven_repository/org/apache/tomcat/embed/tomcat-embed-core/9.0.41/tomcat-embed-core-9.0.41.jar:/Users/jay/Desktop/Java/learn/maven_repository/org/glassfish/jakarta.el/3.0.3/jakarta.el-3.0.3.jar:/Users/jay/Desktop/Java/learn/maven_repository/org/apache/tomcat/embed/tomcat-embed-websocket/9.0.41/tomcat-embed-websocket-9.0.41.jar:/Users/jay/Desktop/Java/learn/maven_repository/org/springframework/spring-web/5.3.2/spring-web-5.3.2.jar:/Users/jay/Desktop/Java/learn/maven_repository/org/springframework/spring-webmvc/5.3.2/spring-webmvc-5.3.2.jar:/Users/jay/Desktop/Java/learn/maven_repository/org/springframework/spring-aop/5.3.2/spring-aop-5.3.2.jar:/Users/jay/Desktop/Java/learn/maven_repository/org/springframework/spring-context/5.3.2/spring-context-5.3.2.jar:/Users/jay/Desktop/Java/learn/maven_repository/org/springframework/spring-expression/5.3.2/spring-expression-5.3.2.jar:/Users/jay/Desktop/Java/learn/maven_repository/org/springframework/boot/spring-boot-starter-test/2.4.1/spring-boot-starter-test-2.4.1.jar:/Users/jay/Desktop/Java/learn/maven_repository/org/springframework/boot/spring-boot-test/2.4.1/spring-boot-test-2.4.1.jar:/Users/jay/Desktop/Java/learn/maven_repository/org/springframework/boot/spring-boot-test-autoconfigure/2.4.1/spring-boot-test-autoconfigure-2.4.1.jar:/Users/jay/Desktop/Java/learn/maven_repository/com/jayway/jsonpath/json-path/2.4.0/json-path-2.4.0.jar:/Users/jay/Desktop/Java/learn/maven_repository/net/minidev/json-smart/2.3/json-smart-2.3.jar:/Users/jay/Desktop/Java/learn/maven_repository/net/minidev/accessors-smart/1.2/accessors-smart-1.2.jar:/Users/jay/Desktop/Java/learn/maven_repository/org/ow2/asm/asm/5.0.4/asm-5.0.4.jar:/Users/jay/Desktop/Java/learn/maven_repository/jakarta/xml/bind/jakarta.xml.bind-api/2.3.3/jakarta.xml.bind-api-2.3.3.jar:/Users/jay/Desktop/Java/learn/maven_repository/jakarta/activation/jakarta.activation-api/1.2.2/jakarta.activation-api-1.2.2.jar:/Users/jay/Desktop/Java/learn/maven_repository/org/assertj/assertj-core/3.18.1/assertj-core-3.18.1.jar:/Users/jay/Desktop/Java/learn/maven_repository/org/hamcrest/hamcrest/2.2/hamcrest-2.2.jar:/Users/jay/Desktop/Java/learn/maven_repository/org/junit/jupiter/junit-jupiter/5.7.0/junit-jupiter-5.7.0.jar:/Users/jay/Desktop/Java/learn/maven_repository/org/junit/jupiter/junit-jupiter-api/5.7.0/junit-jupiter-api-5.7.0.jar:/Users/jay/Desktop/Java/learn/maven_repository/org/apiguardian/apiguardian-api/1.1.0/apiguardian-api-1.1.0.jar:/Users/jay/Desktop/Java/learn/maven_repository/org/opentest4j/opentest4j/1.2.0/opentest4j-1.2.0.jar:/Users/jay/Desktop/Java/learn/maven_repository/org/junit/platform/junit-platform-commons/1.7.0/junit-platform-commons-1.7.0.jar:/Users/jay/Desktop/Java/learn/maven_repository/org/junit/jupiter/junit-jupiter-params/5.7.0/junit-jupiter-params-5.7.0.jar:/Users/jay/Desktop/Java/learn/maven_repository/org/junit/jupiter/junit-jupiter-engine/5.7.0/junit-jupiter-engine-5.7.0.jar:/Users/jay/Desktop/Java/learn/maven_repository/org/junit/platform/junit-platform-engine/1.7.0/junit-platform-engine-1.7.0.jar:/Users/jay/Desktop/Java/learn/maven_repository/org/mockito/mockito-core/3.6.28/mockito-core-3.6.28.jar:/Users/jay/Desktop/Java/learn/maven_repository/net/bytebuddy/byte-buddy/1.10.18/byte-buddy-1.10.18.jar:/Users/jay/Desktop/Java/learn/maven_repository/net/bytebuddy/byte-buddy-agent/1.10.18/byte-buddy-agent-1.10.18.jar:/Users/jay/Desktop/Java/learn/maven_repository/org/objenesis/objenesis/3.1/objenesis-3.1.jar:/Users/jay/Desktop/Java/learn/maven_repository/org/mockito/mockito-junit-jupiter/3.6.28/mockito-junit-jupiter-3.6.28.jar:/Users/jay/Desktop/Java/learn/maven_repository/org/skyscreamer/jsonassert/1.5.0/jsonassert-1.5.0.jar:/Users/jay/Desktop/Java/learn/maven_repository/com/vaadin/external/google/android-json/0.0.20131108.vaadin1/android-json-0.0.20131108.vaadin1.jar:/Users/jay/Desktop/Java/learn/maven_repository/org/springframework/spring-core/5.3.2/spring-core-5.3.2.jar:/Users/jay/Desktop/Java/learn/maven_repository/org/springframework/spring-jcl/5.3.2/spring-jcl-5.3.2.jar:/Users/jay/Desktop/Java/learn/maven_repository/org/springframework/spring-test/5.3.2/spring-test-5.3.2.jar:/Users/jay/Desktop/Java/learn/maven_repository/org/xmlunit/xmlunit-core/2.7.0/xmlunit-core-2.7.0.jar:/Users/jay/Desktop/Java/learn/maven_repository/org/springframework/spring-jdbc/5.3.13/spring-jdbc-5.3.13.jar:/Users/jay/Desktop/Java/learn/maven_repository/org/springframework/spring-beans/5.3.2/spring-beans-5.3.2.jar:/Users/jay/Desktop/Java/learn/maven_repository/org/springframework/spring-tx/5.3.2/spring-tx-5.3.2.jar:/Users/jay/Desktop/Java/learn/maven_repository/mysql/mysql-connector-java/8.0.22/mysql-connector-java-8.0.22.jar:/Users/jay/Desktop/Java/learn/maven_repository/com/baomidou/mybatis-plus-boot-starter/3.1.1/mybatis-plus-boot-starter-3.1.1.jar:/Users/jay/Desktop/Java/learn/maven_repository/com/baomidou/mybatis-plus/3.1.1/mybatis-plus-3.1.1.jar:/Users/jay/Desktop/Java/learn/maven_repository/com/baomidou/mybatis-plus-extension/3.1.1/mybatis-plus-extension-3.1.1.jar:/Users/jay/Desktop/Java/learn/maven_repository/com/baomidou/mybatis-plus-core/3.1.1/mybatis-plus-core-3.1.1.jar:/Users/jay/Desktop/Java/learn/maven_repository/com/baomidou/mybatis-plus-annotation/3.1.1/mybatis-plus-annotation-3.1.1.jar:/Users/jay/Desktop/Java/learn/maven_repository/com/github/jsqlparser/jsqlparser/1.2/jsqlparser-1.2.jar:/Users/jay/Desktop/Java/learn/maven_repository/org/mybatis/mybatis/3.5.1/mybatis-3.5.1.jar:/Users/jay/Desktop/Java/learn/maven_repository/org/mybatis/mybatis-spring/2.0.1/mybatis-spring-2.0.1.jar:/Users/jay/Desktop/Java/learn/maven_repository/org/springframework/boot/spring-boot-autoconfigure/2.4.1/spring-boot-autoconfigure-2.4.1.jar:/Users/jay/Desktop/Java/learn/maven_repository/org/springframework/boot/spring-boot-starter-jdbc/2.4.1/spring-boot-starter-jdbc-2.4.1.jar:/Users/jay/Desktop/Java/learn/maven_repository/com/zaxxer/HikariCP/3.4.5/HikariCP-3.4.5.jar:/Users/jay/Desktop/Java/learn/maven_repository/cn/afterturn/easypoi-base/4.0.0/easypoi-base-4.0.0.jar:/Users/jay/Desktop/Java/learn/maven_repository/org/apache/poi/poi/4.0.0/poi-4.0.0.jar:/Users/jay/Desktop/Java/learn/maven_repository/commons-codec/commons-codec/1.15/commons-codec-1.15.jar:/Users/jay/Desktop/Java/learn/maven_repository/org/apache/commons/commons-collections4/4.2/commons-collections4-4.2.jar:/Users/jay/Desktop/Java/learn/maven_repository/org/apache/poi/poi-ooxml/4.0.0/poi-ooxml-4.0.0.jar:/Users/jay/Desktop/Java/learn/maven_repository/org/apache/commons/commons-compress/1.18/commons-compress-1.18.jar:/Users/jay/Desktop/Java/learn/maven_repository/com/github/virtuald/curvesapi/1.04/curvesapi-1.04.jar:/Users/jay/Desktop/Java/learn/maven_repository/com/google/guava/guava/16.0.1/guava-16.0.1.jar:/Users/jay/Desktop/Java/learn/maven_repository/ognl/ognl/3.2.6/ognl-3.2.6.jar:/Users/jay/Desktop/Java/learn/maven_repository/org/javassist/javassist/3.20.0-GA/javassist-3.20.0-GA.jar:/Users/jay/Desktop/Java/learn/maven_repository/org/slf4j/slf4j-api/1.7.30/slf4j-api-1.7.30.jar:/Users/jay/Desktop/Java/learn/maven_repository/javax/validation/validation-api/2.0.1.Final/validation-api-2.0.1.Final.jar:/Users/jay/Desktop/Java/learn/maven_repository/cn/afterturn/easypoi-web/4.0.0/easypoi-web-4.0.0.jar:/Users/jay/Desktop/Java/learn/maven_repository/cn/afterturn/easypoi-annotation/4.0.0/easypoi-annotation-4.0.0.jar:/Users/jay/Desktop/Java/learn/maven_repository/org/apache/poi/poi-ooxml-schemas/4.1.2/poi-ooxml-schemas-4.1.2.jar:/Users/jay/Desktop/Java/learn/maven_repository/org/apache/xmlbeans/xmlbeans/3.1.0/xmlbeans-3.1.0.jar:/Users/jay/Desktop/Java/learn/maven_repository/org/codehaus/jackson/jackson-xc/1.9.12/jackson-xc-1.9.12.jar:/Users/jay/Desktop/Java/learn/maven_repository/org/codehaus/jackson/jackson-core-asl/1.9.12/jackson-core-asl-1.9.12.jar:/Users/jay/Desktop/Java/learn/maven_repository/org/codehaus/jackson/jackson-mapper-asl/1.9.12/jackson-mapper-asl-1.9.12.jar:/Users/jay/Desktop/Java/learn/maven_repository/joda-time/joda-time/2.10.13/joda-time-2.10.13.jar:/Users/jay/Desktop/Java/learn/maven_repository/org/apache/commons/commons-lang3/3.11/commons-lang3-3.11.jar:/Users/jay/Desktop/Java/learn/maven_repository/org/mapstruct/mapstruct/1.4.2.Final/mapstruct-1.4.2.Final.jar:/Users/jay/Desktop/Java/learn/maven_repository/cn/hutool/hutool-all/5.7.16/hutool-all-5.7.16.jar:/Users/jay/Desktop/Java/learn/maven_repository/io/springfox/springfox-swagger2/2.7.0/springfox-swagger2-2.7.0.jar:/Users/jay/Desktop/Java/learn/maven_repository/io/swagger/swagger-annotations/1.5.13/swagger-annotations-1.5.13.jar:/Users/jay/Desktop/Java/learn/maven_repository/io/swagger/swagger-models/1.5.13/swagger-models-1.5.13.jar:/Users/jay/Desktop/Java/learn/maven_repository/com/fasterxml/jackson/core/jackson-annotations/2.11.3/jackson-annotations-2.11.3.jar:/Users/jay/Desktop/Java/learn/maven_repository/io/springfox/springfox-spi/2.7.0/springfox-spi-2.7.0.jar:/Users/jay/Desktop/Java/learn/maven_repository/io/springfox/springfox-core/2.7.0/springfox-core-2.7.0.jar:/Users/jay/Desktop/Java/learn/maven_repository/io/springfox/springfox-schema/2.7.0/springfox-schema-2.7.0.jar:/Users/jay/Desktop/Java/learn/maven_repository/io/springfox/springfox-swagger-common/2.7.0/springfox-swagger-common-2.7.0.jar:/Users/jay/Desktop/Java/learn/maven_repository/io/springfox/springfox-spring-web/2.7.0/springfox-spring-web-2.7.0.jar:/Users/jay/Desktop/Java/learn/maven_repository/org/reflections/reflections/0.9.11/reflections-0.9.11.jar:/Users/jay/Desktop/Java/learn/maven_repository/com/fasterxml/classmate/1.5.1/classmate-1.5.1.jar:/Users/jay/Desktop/Java/learn/maven_repository/org/springframework/plugin/spring-plugin-core/1.2.0.RELEASE/spring-plugin-core-1.2.0.RELEASE.jar:/Users/jay/Desktop/Java/learn/maven_repository/org/springframework/plugin/spring-plugin-metadata/1.2.0.RELEASE/spring-plugin-metadata-1.2.0.RELEASE.jar:/Users/jay/Desktop/Java/learn/maven_repository/io/springfox/springfox-swagger-ui/2.7.0/springfox-swagger-ui-2.7.0.jar:/Users/jay/Desktop/Java/learn/maven_repository/org/springframework/boot/spring-boot-starter-data-redis/2.4.1/spring-boot-starter-data-redis-2.4.1.jar:/Users/jay/Desktop/Java/learn/maven_repository/org/springframework/data/spring-data-redis/2.4.2/spring-data-redis-2.4.2.jar:/Users/jay/Desktop/Java/learn/maven_repository/org/springframework/data/spring-data-keyvalue/2.4.2/spring-data-keyvalue-2.4.2.jar:/Users/jay/Desktop/Java/learn/maven_repository/org/springframework/data/spring-data-commons/2.4.2/spring-data-commons-2.4.2.jar:/Users/jay/Desktop/Java/learn/maven_repository/org/springframework/spring-oxm/5.3.2/spring-oxm-5.3.2.jar:/Users/jay/Desktop/Java/learn/maven_repository/org/springframework/spring-context-support/5.3.2/spring-context-support-5.3.2.jar:/Users/jay/Desktop/Java/learn/maven_repository/io/lettuce/lettuce-core/6.0.1.RELEASE/lettuce-core-6.0.1.RELEASE.jar:/Users/jay/Desktop/Java/learn/maven_repository/io/netty/netty-common/4.1.55.Final/netty-common-4.1.55.Final.jar:/Users/jay/Desktop/Java/learn/maven_repository/io/netty/netty-handler/4.1.55.Final/netty-handler-4.1.55.Final.jar:/Users/jay/Desktop/Java/learn/maven_repository/io/netty/netty-resolver/4.1.55.Final/netty-resolver-4.1.55.Final.jar:/Users/jay/Desktop/Java/learn/maven_repository/io/netty/netty-buffer/4.1.55.Final/netty-buffer-4.1.55.Final.jar:/Users/jay/Desktop/Java/learn/maven_repository/io/netty/netty-codec/4.1.55.Final/netty-codec-4.1.55.Final.jar:/Users/jay/Desktop/Java/learn/maven_repository/io/netty/netty-transport/4.1.55.Final/netty-transport-4.1.55.Final.jar:/Users/jay/Desktop/Java/learn/maven_repository/io/projectreactor/reactor-core/3.4.1/reactor-core-3.4.1.jar:/Users/jay/Desktop/Java/learn/maven_repository/org/reactivestreams/reactive-streams/1.0.3/reactive-streams-1.0.3.jar:/Users/jay/Desktop/Java/learn/maven_repository/cn/dev33/sa-token-spring-boot-starter/1.28.0/sa-token-spring-boot-starter-1.28.0.jar:/Users/jay/Desktop/Java/learn/maven_repository/cn/dev33/sa-token-servlet/1.28.0/sa-token-servlet-1.28.0.jar:/Users/jay/Desktop/Java/learn/maven_repository/cn/dev33/sa-token-dao-redis-jackson/1.28.0/sa-token-dao-redis-jackson-1.28.0.jar:/Users/jay/Desktop/Java/learn/maven_repository/cn/dev33/sa-token-core/1.28.0/sa-token-core-1.28.0.jar:/Users/jay/Desktop/Java/learn/maven_repository/org/apache/commons/commons-pool2/2.9.0/commons-pool2-2.9.0.jar:/Users/jay/Desktop/Java/learn/maven_repository/cn/dev33/sa-token-spring-aop/1.28.0/sa-token-spring-aop-1.28.0.jar:/Users/jay/Desktop/Java/learn/maven_repository/org/springframework/boot/spring-boot-starter-aop/2.4.1/spring-boot-starter-aop-2.4.1.jar:/Users/jay/Desktop/Java/learn/maven_repository/org/aspectj/aspectjweaver/1.9.6/aspectjweaver-1.9.6.jar:/Users/jay/Desktop/Java/learn/maven_repository/cn/dev33/sa-token-alone-redis/1.30.0/sa-token-alone-redis-1.30.0.jar:/Users/jay/Desktop/Java/learn/maven_repository/com/xuxueli/xxl-job-core/2.3.0/xxl-job-core-2.3.0.jar:/Users/jay/Desktop/Java/learn/maven_repository/io/netty/netty-all/4.1.55.Final/netty-all-4.1.55.Final.jar:/Users/jay/Desktop/Java/learn/maven_repository/com/google/code/gson/gson/2.8.6/gson-2.8.6.jar:/Users/jay/Desktop/Java/learn/maven_repository/org/codehaus/groovy/groovy/2.5.14/groovy-2.5.14.jar:/Users/jay/Desktop/Java/learn/maven_repository/com/alibaba/fastjson/1.2.79/fastjson-1.2.79.jar:/Users/jay/Desktop/Java/learn/maven_repository/com/alibaba/boot/nacos-config-spring-boot-starter/0.2.1/nacos-config-spring-boot-starter-0.2.1.jar:/Users/jay/Desktop/Java/learn/maven_repository/com/alibaba/nacos/nacos-spring-context/0.2.2-RC1/nacos-spring-context-0.2.2-RC1.jar:/Users/jay/Desktop/Java/learn/maven_repository/com/alibaba/nacos/nacos-client/0.2.1-RC1/nacos-client-0.2.1-RC1.jar:/Users/jay/Desktop/Java/learn/maven_repository/com/alibaba/nacos/nacos-common/0.2.1-RC1/nacos-common-0.2.1-RC1.jar:/Users/jay/Desktop/Java/learn/maven_repository/commons-io/commons-io/2.2/commons-io-2.2.jar:/Users/jay/Desktop/Java/learn/maven_repository/com/alibaba/nacos/nacos-api/0.2.1-RC1/nacos-api-0.2.1-RC1.jar:/Users/jay/Desktop/Java/learn/maven_repository/ch/qos/logback/logback-core/1.2.3/logback-core-1.2.3.jar:/Users/jay/Desktop/Java/learn/maven_repository/org/codehaus/jackson/jackson-mapper-lgpl/1.9.6/jackson-mapper-lgpl-1.9.6.jar:/Users/jay/Desktop/Java/learn/maven_repository/org/codehaus/jackson/jackson-core-lgpl/1.9.6/jackson-core-lgpl-1.9.6.jar:/Users/jay/Desktop/Java/learn/maven_repository/com/alibaba/spring/spring-context-support/1.0.1/spring-context-support-1.0.1.jar:/Users/jay/Desktop/Java/learn/maven_repository/com/alibaba/boot/nacos-config-spring-boot-autoconfigure/0.2.1/nacos-config-spring-boot-autoconfigure-0.2.1.jar:/Users/jay/Desktop/Java/learn/maven_repository/com/alibaba/boot/nacos-spring-boot-base/0.2.1/nacos-spring-boot-base-0.2.1.jar:/Users/jay/Desktop/Java/learn/maven_repository/com/alibaba/boot/nacos-config-spring-boot-actuator/0.2.1/nacos-config-spring-boot-actuator-0.2.1.jar:"/>
    <property name="sun.cpu.endian" value="little"/>
    <property name="user.home" value="/Users/jay"/>
    <property name="user.language" value="zh"/>
    <property name="java.specification.vendor" value="Oracle Corporation"/>
    <property name="java.home" value="/Library/Java/JavaVirtualMachines/zulu-8.jdk/Contents/Home/jre"/>
    <property name="basedir" value="/Users/jay/Desktop/Java/GitHubProject/saTokenTest/saTokenDemo"/>
    <property name="https.proxyHost" value="127.0.0.1"/>
    <property name="file.separator" value="/"/>
    <property name="line.separator" value="&#10;"/>
    <property name="jdk.vendor.version" value="Zulu 8.58.0.13-CA-macos-aarch64"/>
    <property name="java.vm.specification.vendor" value="Oracle Corporation"/>
    <property name="java.specification.name" value="Java Platform API Specification"/>
    <property name="java.awt.graphicsenv" value="sun.awt.CGraphicsEnvironment"/>
    <property name="surefire.real.class.path" value="/Users/jay/Desktop/Java/GitHubProject/saTokenTest/saTokenDemo/target/surefire/surefirebooter8844091486853757509.jar"/>
    <property name="sun.boot.class.path" value="/Library/Java/JavaVirtualMachines/zulu-8.jdk/Contents/Home/jre/lib/resources.jar:/Library/Java/JavaVirtualMachines/zulu-8.jdk/Contents/Home/jre/lib/rt.jar:/Library/Java/JavaVirtualMachines/zulu-8.jdk/Contents/Home/jre/lib/sunrsasign.jar:/Library/Java/JavaVirtualMachines/zulu-8.jdk/Contents/Home/jre/lib/jsse.jar:/Library/Java/JavaVirtualMachines/zulu-8.jdk/Contents/Home/jre/lib/jce.jar:/Library/Java/JavaVirtualMachines/zulu-8.jdk/Contents/Home/jre/lib/charsets.jar:/Library/Java/JavaVirtualMachines/zulu-8.jdk/Contents/Home/jre/lib/jfr.jar:/Library/Java/JavaVirtualMachines/zulu-8.jdk/Contents/Home/jre/classes"/>
    <property name="sun.management.compiler" value="HotSpot 64-Bit Tiered Compilers"/>
    <property name="ftp.nonProxyHosts" value="192.168.0.0/16|*.192.168.0.0/16|10.0.0.0/8|*.10.0.0.0/8|172.16.0.0/12|*.172.16.0.0/12|127.0.0.1|localhost|*.localhost|local|*.local|timestamp.apple.com|*.timestamp.apple.com|sequoia.apple.com|*.sequoia.apple.com|seed-sequoia.siri.apple.com|*.seed-sequoia.siri.apple.com"/>
    <property name="java.runtime.version" value="1.8.0_312-b07"/>
    <property name="user.name" value="jay"/>
    <property name="path.separator" value=":"/>
    <property name="os.version" value="13.3.1"/>
    <property name="java.endorsed.dirs" value="/Library/Java/JavaVirtualMachines/zulu-8.jdk/Contents/Home/jre/lib/endorsed"/>
    <property name="java.runtime.name" value="OpenJDK Runtime Environment"/>
    <property name="file.encoding" value="UTF-8"/>
    <property name="java.vm.name" value="OpenJDK 64-Bit Server VM"/>
    <property name="localRepository" value="/Users/jay/Desktop/Java/learn/maven_repository"/>
    <property name="java.vendor.url.bug" value="http://www.azul.com/support/"/>
    <property name="java.io.tmpdir" value="/var/folders/xy/w0yth9vd3k7dpnhqxk6mqp0w0000gn/T/"/>
    <property name="idea.version" value="2022.2.2"/>
    <property name="java.version" value="1.8.0_312"/>
    <property name="user.dir" value="/Users/jay/Desktop/Java/GitHubProject/saTokenTest/saTokenDemo"/>
    <property name="os.arch" value="aarch64"/>
    <property name="socksProxyPort" value="7890"/>
    <property name="java.vm.specification.name" value="Java Virtual Machine Specification"/>
    <property name="java.awt.printerjob" value="sun.lwawt.macosx.CPrinterJob"/>
    <property name="sun.os.patch.level" value="unknown"/>
    <property name="java.library.path" value="/Users/jay/Library/Java/Extensions:/Library/Java/Extensions:/Network/Library/Java/Extensions:/System/Library/Java/Extensions:/usr/lib/java:."/>
    <property name="java.vm.info" value="mixed mode"/>
    <property name="java.vendor" value="Azul Systems, Inc."/>
    <property name="java.vm.version" value="25.312-b07"/>
    <property name="java.ext.dirs" value="/Users/jay/Library/Java/Extensions:/Library/Java/JavaVirtualMachines/zulu-8.jdk/Contents/Home/jre/lib/ext:/Library/Java/Extensions:/Network/Library/Java/Extensions:/System/Library/Java/Extensions:/usr/lib/java"/>
    <property name="sun.io.unicode.encoding" value="UnicodeBig"/>
    <property name="maven.repo.local" value="/Users/jay/Desktop/Java/learn/maven_repository"/>
    <property name="java.class.version" value="52.0"/>
    <property name="socksNonProxyHosts" value="192.168.0.0/16|*.192.168.0.0/16|10.0.0.0/8|*.10.0.0.0/8|172.16.0.0/12|*.172.16.0.0/12|127.0.0.1|localhost|*.localhost|local|*.local|timestamp.apple.com|*.timestamp.apple.com|sequoia.apple.com|*.sequoia.apple.com|seed-sequoia.siri.apple.com|*.seed-sequoia.siri.apple.com"/>
    <property name="http.proxyPort" value="7890"/>
  </properties>
  <testcase name="get" classname="com.yeweiyang.token.Test1114ApplicationTests" time="0.302">
    <error message="Unable to connect to Redis; nested exception is org.springframework.data.redis.connection.PoolException: Could not get a resource from the pool; nested exception is io.lettuce.core.RedisConnectionException: Unable to connect to 127.0.0.1:6379" type="org.springframework.data.redis.RedisConnectionFailureException">org.springframework.data.redis.RedisConnectionFailureException: Unable to connect to Redis; nested exception is org.springframework.data.redis.connection.PoolException: Could not get a resource from the pool; nested exception is io.lettuce.core.RedisConnectionException: Unable to connect to 127.0.0.1:6379
	at com.yeweiyang.token.Test1114ApplicationTests.get(Test1114ApplicationTests.java:29)
Caused by: org.springframework.data.redis.connection.PoolException: Could not get a resource from the pool; nested exception is io.lettuce.core.RedisConnectionException: Unable to connect to 127.0.0.1:6379
	at com.yeweiyang.token.Test1114ApplicationTests.get(Test1114ApplicationTests.java:29)
Caused by: io.lettuce.core.RedisConnectionException: Unable to connect to 127.0.0.1:6379
	at com.yeweiyang.token.Test1114ApplicationTests.get(Test1114ApplicationTests.java:29)
Caused by: io.netty.channel.AbstractChannel$AnnotatedConnectException: Connection refused: /127.0.0.1:6379
Caused by: java.net.ConnectException: Connection refused
</error>
    <system-out><![CDATA[17:00:13.532 [main] DEBUG org.springframework.test.context.BootstrapUtils - Instantiating CacheAwareContextLoaderDelegate from class [org.springframework.test.context.cache.DefaultCacheAwareContextLoaderDelegate]
17:00:13.540 [main] DEBUG org.springframework.test.context.BootstrapUtils - Instantiating BootstrapContext using constructor [public org.springframework.test.context.support.DefaultBootstrapContext(java.lang.Class,org.springframework.test.context.CacheAwareContextLoaderDelegate)]
17:00:13.559 [main] DEBUG org.springframework.test.context.BootstrapUtils - Instantiating TestContextBootstrapper for test class [com.yeweiyang.token.Test1114ApplicationTests] from class [org.springframework.boot.test.context.SpringBootTestContextBootstrapper]
17:00:13.573 [main] INFO org.springframework.boot.test.context.SpringBootTestContextBootstrapper - Neither @ContextConfiguration nor @ContextHierarchy found for test class [com.yeweiyang.token.Test1114ApplicationTests], using SpringBootContextLoader
17:00:13.575 [main] DEBUG org.springframework.test.context.support.AbstractContextLoader - Did not detect default resource location for test class [com.yeweiyang.token.Test1114ApplicationTests]: class path resource [com/yeweiyang/token/Test1114ApplicationTests-context.xml] does not exist
17:00:13.575 [main] DEBUG org.springframework.test.context.support.AbstractContextLoader - Did not detect default resource location for test class [com.yeweiyang.token.Test1114ApplicationTests]: class path resource [com/yeweiyang/token/Test1114ApplicationTestsContext.groovy] does not exist
17:00:13.575 [main] INFO org.springframework.test.context.support.AbstractContextLoader - Could not detect default resource locations for test class [com.yeweiyang.token.Test1114ApplicationTests]: no resource found for suffixes {-context.xml, Context.groovy}.
17:00:13.576 [main] INFO org.springframework.test.context.support.AnnotationConfigContextLoaderUtils - Could not detect default configuration classes for test class [com.yeweiyang.token.Test1114ApplicationTests]: Test1114ApplicationTests does not declare any static, non-private, non-final, nested classes annotated with @Configuration.
17:00:13.597 [main] DEBUG org.springframework.test.context.support.ActiveProfilesUtils - Could not find an 'annotation declaring class' for annotation type [org.springframework.test.context.ActiveProfiles] and class [com.yeweiyang.token.Test1114ApplicationTests]
17:00:13.637 [main] DEBUG org.springframework.context.annotation.ClassPathScanningCandidateComponentProvider - Identified candidate component class: file [/Users/jay/Desktop/Java/GitHubProject/saTokenTest/saTokenDemo/target/classes/com/yeweiyang/token/SatokenDemoApplication.class]
17:00:13.638 [main] INFO org.springframework.boot.test.context.SpringBootTestContextBootstrapper - Found @SpringBootConfiguration com.yeweiyang.token.SatokenDemoApplication for test class com.yeweiyang.token.Test1114ApplicationTests
17:00:13.692 [main] DEBUG org.springframework.boot.test.context.SpringBootTestContextBootstrapper - @TestExecutionListeners is not present for class [com.yeweiyang.token.Test1114ApplicationTests]: using defaults.
17:00:13.692 [main] INFO org.springframework.boot.test.context.SpringBootTestContextBootstrapper - Loaded default TestExecutionListener class names from location [META-INF/spring.factories]: [org.springframework.boot.test.mock.mockito.MockitoTestExecutionListener, org.springframework.boot.test.mock.mockito.ResetMocksTestExecutionListener, org.springframework.boot.test.autoconfigure.restdocs.RestDocsTestExecutionListener, org.springframework.boot.test.autoconfigure.web.client.MockRestServiceServerResetTestExecutionListener, org.springframework.boot.test.autoconfigure.web.servlet.MockMvcPrintOnlyOnFailureTestExecutionListener, org.springframework.boot.test.autoconfigure.web.servlet.WebDriverTestExecutionListener, org.springframework.boot.test.autoconfigure.webservices.client.MockWebServiceServerTestExecutionListener, org.springframework.test.context.web.ServletTestExecutionListener, org.springframework.test.context.support.DirtiesContextBeforeModesTestExecutionListener, org.springframework.test.context.support.DependencyInjectionTestExecutionListener, org.springframework.test.context.support.DirtiesContextTestExecutionListener, org.springframework.test.context.transaction.TransactionalTestExecutionListener, org.springframework.test.context.jdbc.SqlScriptsTestExecutionListener, org.springframework.test.context.event.EventPublishingTestExecutionListener]
17:00:13.701 [main] INFO org.springframework.boot.test.context.SpringBootTestContextBootstrapper - Using TestExecutionListeners: [org.springframework.test.context.web.ServletTestExecutionListener@5884a914, org.springframework.test.context.support.DirtiesContextBeforeModesTestExecutionListener@50378a4, org.springframework.boot.test.mock.mockito.MockitoTestExecutionListener@60f00693, org.springframework.boot.test.autoconfigure.SpringBootDependencyInjectionTestExecutionListener@79207381, org.springframework.test.context.support.DirtiesContextTestExecutionListener@491b9b8, org.springframework.test.context.transaction.TransactionalTestExecutionListener@1a4927d6, org.springframework.test.context.jdbc.SqlScriptsTestExecutionListener@7a6d7e92, org.springframework.test.context.event.EventPublishingTestExecutionListener@aba625, org.springframework.boot.test.mock.mockito.ResetMocksTestExecutionListener@97e93f1, org.springframework.boot.test.autoconfigure.restdocs.RestDocsTestExecutionListener@5a5a729f, org.springframework.boot.test.autoconfigure.web.client.MockRestServiceServerResetTestExecutionListener@4b520ea8, org.springframework.boot.test.autoconfigure.web.servlet.MockMvcPrintOnlyOnFailureTestExecutionListener@16150369, org.springframework.boot.test.autoconfigure.web.servlet.WebDriverTestExecutionListener@6b09fb41, org.springframework.boot.test.autoconfigure.webservices.client.MockWebServiceServerTestExecutionListener@624ea235]
17:00:13.702 [main] DEBUG org.springframework.test.context.support.AbstractDirtiesContextTestExecutionListener - Before test class: context [DefaultTestContext@4f0f2942 testClass = Test1114ApplicationTests, testInstance = [null], testMethod = [null], testException = [null], mergedContextConfiguration = [WebMergedContextConfiguration@2657d4dd testClass = Test1114ApplicationTests, locations = '{}', classes = '{class com.yeweiyang.token.SatokenDemoApplication}', contextInitializerClasses = '[]', activeProfiles = '{}', propertySourceLocations = '{}', propertySourceProperties = '{org.springframework.boot.test.context.SpringBootTestContextBootstrapper=true}', contextCustomizers = set[org.springframework.boot.test.context.filter.ExcludeFilterContextCustomizer@1d9b7cce, org.springframework.boot.test.json.DuplicateJsonObjectContextCustomizerFactory$DuplicateJsonObjectContextCustomizer@14dd9eb7, org.springframework.boot.test.mock.mockito.MockitoContextCustomizer@0, org.springframework.boot.test.web.client.TestRestTemplateContextCustomizer@1fa268de, org.springframework.boot.test.autoconfigure.actuate.metrics.MetricsExportContextCustomizerFactory$DisableMetricExportContextCustomizer@4fb0f2b9, org.springframework.boot.test.autoconfigure.properties.PropertyMappingContextCustomizer@0, org.springframework.boot.test.autoconfigure.web.servlet.WebDriverContextCustomizerFactory$Customizer@72d1ad2e, org.springframework.boot.test.context.SpringBootTestArgs@1, org.springframework.boot.test.context.SpringBootTestWebEnvironment@51565ec2], resourceBasePath = 'src/main/webapp', contextLoader = 'org.springframework.boot.test.context.SpringBootContextLoader', parent = [null]], attributes = map['org.springframework.test.context.web.ServletTestExecutionListener.activateListener' -> true]], class annotated with @DirtiesContext [false] with mode [null].
17:00:13.719 [main] DEBUG org.springframework.test.context.support.TestPropertySourceUtils - Adding inlined properties to environment: {spring.jmx.enabled=false, org.springframework.boot.test.context.SpringBootTestContextBootstrapper=true}

  .   ____          _            __ _ _
 /\\ / ___'_ __ _ _(_)_ __  __ _ \ \ \ \
( ( )\___ | '_ | '_| | '_ \/ _` | \ \ \ \
 \\/  ___)| |_)| | | | | || (_| |  ) ) ) )
  '  |____| .__|_| |_|_| |_\__, | / / / /
 =========|_|==============|___/=/_/_/_/
 :: Spring Boot ::                (v2.4.1)

2023-05-18 17:00:13.876  INFO 94121 --- [           main] c.y.token.Test1114ApplicationTests       : Starting Test1114ApplicationTests using Java 1.8.0_312 on musideMacBook-Pro.local with PID 94121 (started by jay in /Users/jay/Desktop/Java/GitHubProject/saTokenTest/saTokenDemo)
2023-05-18 17:00:13.876  INFO 94121 --- [           main] c.y.token.Test1114ApplicationTests       : The following profiles are active: dev
2023-05-18 17:00:14.370  WARN 94121 --- [           main] o.m.s.mapper.ClassPathMapperScanner      : No MyBatis mapper was found in '[com.shanghai.test1114.mapper]' package. Please check your configuration.
2023-05-18 17:00:14.516  INFO 94121 --- [           main] .s.d.r.c.RepositoryConfigurationDelegate : Multiple Spring Data modules found, entering strict repository configuration mode!
2023-05-18 17:00:14.519  INFO 94121 --- [           main] .s.d.r.c.RepositoryConfigurationDelegate : Bootstrapping Spring Data Redis repositories in DEFAULT mode.
2023-05-18 17:00:14.534  INFO 94121 --- [           main] .s.d.r.c.RepositoryConfigurationDelegate : Finished Spring Data repository scanning in 7 ms. Found 0 Redis repository interfaces.
Logging initialized using 'class org.apache.ibatis.logging.stdout.StdOutImpl' adapter.
2023-05-18 17:00:15.163  INFO 94121 --- [           main] com.zaxxer.hikari.HikariDataSource       : HikariPool-1 - Starting...
2023-05-18 17:00:15.380  INFO 94121 --- [           main] com.zaxxer.hikari.HikariDataSource       : HikariPool-1 - Start completed.
Parsed mapper file: 'file [/Users/jay/Desktop/Java/GitHubProject/saTokenTest/saTokenDemo/target/classes/mapper/JayMapper.xml]'
 _ _   |_  _ _|_. ___ _ |    _ 
| | |\/|_)(_| | |_\  |_)||_|_\ 
     /               |         
                        3.1.1 
2023-05-18 17:00:15.836  INFO 94121 --- [           main] com.yeweiyang.token.config.RedisCache    : 开启Redis缓存: id = com.yeweiyang.token.mapper.RoleMapper
Warn: Could not find @TableId in Class: com.yeweiyang.token.pojo.saToken.UsersRoles.
Warn: Could not find @TableId in Class: com.yeweiyang.token.pojo.saToken.RolePermissionKey.
Warn: Could not find @TableId in Class: com.yeweiyang.token.pojo.saToken.UserPermissionKey.
2023-05-18 17:00:16.466  INFO 94121 --- [           main] pertySourcedRequestMappingHandlerMapping : Mapped URL path [/v2/api-docs] onto method [springfox.documentation.swagger2.web.Swagger2Controller#getDocumentation(String, HttpServletRequest)]
2023-05-18 17:00:16.663  INFO 94121 --- [           main] o.s.s.concurrent.ThreadPoolTaskExecutor  : Initializing ExecutorService 'applicationTaskExecutor'
____ ____    ___ ____ _  _ ____ _  _ 
[__  |__| __  |  |  | |_/  |___ |\ | 
___] |  |     |  |__| | \_ |___ | \| 
DevDoc：http://sa-token.dev33.cn (v1.28.0)
GitHub：https://github.com/dromara/sa-token
2023-05-18 17:00:16.964  INFO 94121 --- [           main] o.s.s.c.ThreadPoolTaskScheduler          : Initializing ExecutorService 'taskScheduler'
2023-05-18 17:00:17.003  INFO 94121 --- [           main] d.s.w.p.DocumentationPluginsBootstrapper : Context refreshed
2023-05-18 17:00:17.012  INFO 94121 --- [           main] d.s.w.p.DocumentationPluginsBootstrapper : Found 1 custom documentation plugin(s)
2023-05-18 17:00:17.034  INFO 94121 --- [           main] s.d.s.w.s.ApiListingReferenceScanner     : Scanning for api listing references
2023-05-18 17:00:17.116  INFO 94121 --- [           main] .d.s.w.r.o.CachingOperationNameGenerator : Generating unique operation named: pollExecutorUsingPOST_1
2023-05-18 17:00:17.209  INFO 94121 --- [           main] c.y.token.Test1114ApplicationTests       : Started Test1114ApplicationTests in 3.486 seconds (JVM running for 3.955)
]]></system-out>
  </testcase>
  <testcase name="set" classname="com.yeweiyang.token.Test1114ApplicationTests" time="0.007"/>
  <testcase name="contextLoads" classname="com.yeweiyang.token.Test1114ApplicationTests" time="0.002"/>
</testsuite>