<?xml version="1.0" encoding="UTF-8"?>
<testsuite xmlns:xsi="http://www.w3.org/2001/XMLSchema-instance" xsi:noNamespaceSchemaLocation="https://maven.apache.org/surefire/maven-surefire-plugin/xsd/surefire-test-report.xsd" name="com.yeweiyang.token.Test1114ApplicationTests" time="4.291" tests="3" errors="1" skipped="0" failures="0">
  <properties>
    <property name="gopherProxySet" value="false"/>
    <property name="awt.toolkit" value="sun.lwawt.macosx.LWCToolkit"/>
    <property name="socksProxyHost" value="127.0.0.1"/>
    <property name="http.proxyHost" value="127.0.0.1"/>
    <property name="java.specification.version" value="1.8"/>
    <property name="file.encoding.pkg" value="sun.io"/>
    <property name="sun.cpu.isalist" value=""/>
    <property name="sun.jnu.encoding" value="UTF-8"/>
    <property name="java.class.path" value="/Users/jay/Desktop/Java/GitHubProject/saTokenTest/saTokenDemo/target/test-classes:/Users/jay/Desktop/Java/GitHubProject/saTokenTest/saTokenDemo/target/classes:/Users/jay/Desktop/Java/learn/maven_repository/org/projectlombok/lombok/1.16.20/lombok-1.16.20.jar:/Users/jay/Desktop/Java/learn/maven_repository/org/springframework/boot/spring-boot-starter-web/2.4.1/spring-boot-starter-web-2.4.1.jar:/Users/jay/Desktop/Java/learn/maven_repository/org/springframework/boot/spring-boot-starter/2.4.1/spring-boot-starter-2.4.1.jar:/Users/jay/Desktop/Java/learn/maven_repository/org/springframework/boot/spring-boot/2.4.1/spring-boot-2.4.1.jar:/Users/jay/Desktop/Java/learn/maven_repository/org/springframework/boot/spring-boot-starter-logging/2.4.1/spring-boot-starter-logging-2.4.1.jar:/Users/jay/Desktop/Java/learn/maven_repository/ch/qos/logback/logback-classic/1.2.3/logback-classic-1.2.3.jar:/Users/jay/Desktop/Java/learn/maven_repository/org/apache/logging/log4j/log4j-to-slf4j/2.13.3/log4j-to-slf4j-2.13.3.jar:/Users/jay/Desktop/Java/learn/maven_repository/org/apache/logging/log4j/log4j-api/2.13.3/log4j-api-2.13.3.jar:/Users/jay/Desktop/Java/learn/maven_repository/org/slf4j/jul-to-slf4j/1.7.30/jul-to-slf4j-1.7.30.jar:/Users/jay/Desktop/Java/learn/maven_repository/jakarta/annotation/jakarta.annotation-api/1.3.5/jakarta.annotation-api-1.3.5.jar:/Users/jay/Desktop/Java/learn/maven_repository/org/yaml/snakeyaml/1.27/snakeyaml-1.27.jar:/Users/jay/Desktop/Java/learn/maven_repository/org/springframework/boot/spring-boot-starter-json/2.4.1/spring-boot-starter-json-2.4.1.jar:/Users/jay/Desktop/Java/learn/maven_repository/com/fasterxml/jackson/core/jackson-databind/2.11.3/jackson-databind-2.11.3.jar:/Users/jay/Desktop/Java/learn/maven_repository/com/fasterxml/jackson/core/jackson-core/2.11.3/jackson-core-2.11.3.jar:/Users/jay/Desktop/Java/learn/maven_repository/com/fasterxml/jackson/datatype/jackson-datatype-jdk8/2.11.3/jackson-datatype-jdk8-2.11.3.jar:/Users/jay/Desktop/Java/learn/maven_repository/com/fasterxml/jackson/datatype/jackson-datatype-jsr310/2.11.3/jackson-datatype-jsr310-2.11.3.jar:/Users/jay/Desktop/Java/learn/maven_repository/com/fasterxml/jackson/module/jackson-module-parameter-names/2.11.3/jackson-module-parameter-names-2.11.3.jar:/Users/jay/Desktop/Java/learn/maven_repository/org/springframework/boot/spring-boot-starter-tomcat/2.4.1/spring-boot-starter-tomcat-2.4.1.jar:/Users/jay/Desktop/Java/learn/maven_repository/org/apache/tomcat/embed/tomcat-embed-core/9.0.41/tomcat-embed-core-9.0.41.jar:/Users/jay/Desktop/Java/learn/maven_repository/org/glassfish/jakarta.el/3.0.3/jakarta.el-3.0.3.jar:/Users/jay/Desktop/Java/learn/maven_repository/org/apache/tomcat/embed/tomcat-embed-websocket/9.0.41/tomcat-embed-websocket-9.0.41.jar:/Users/jay/Desktop/Java/learn/maven_repository/org/springframework/spring-web/5.3.2/spring-web-5.3.2.jar:/Users/jay/Desktop/Java/learn/maven_repository/org/springframework/spring-webmvc/5.3.2/spring-webmvc-5.3.2.jar:/Users/jay/Desktop/Java/learn/maven_repository/org/springframework/spring-aop/5.3.2/spring-aop-5.3.2.jar:/Users/jay/Desktop/Java/learn/maven_repository/org/springframework/spring-context/5.3.2/spring-context-5.3.2.jar:/Users/jay/Desktop/Java/learn/maven_repository/org/springframework/spring-expression/5.3.2/spring-expression-5.3.2.jar:/Users/jay/Desktop/Java/learn/maven_repository/org/springframework/boot/spring-boot-starter-test/2.4.1/spring-boot-starter-test-2.4.1.jar:/Users/jay/Desktop/Java/learn/maven_repository/org/springframework/boot/spring-boot-test/2.4.1/spring-boot-test-2.4.1.jar:/Users/jay/Desktop/Java/learn/maven_repository/org/springframework/boot/spring-boot-test-autoconfigure/2.4.1/spring-boot-test-autoconfigure-2.4.1.jar:/Users/jay/Desktop/Java/learn/maven_repository/com/jayway/jsonpath/json-path/2.4.0/json-path-2.4.0.jar:/Users/jay/Desktop/Java/learn/maven_repository/net/minidev/json-smart/2.3/json-smart-2.3.jar:/Users/jay/Desktop/Java/learn/maven_repository/net/minidev/accessors-smart/1.2/accessors-smart-1.2.jar:/Users/jay/Desktop/Java/learn/maven_repository/org/ow2/asm/asm/5.0.4/asm-5.0.4.jar:/Users/jay/Desktop/Java/learn/maven_repository/jakarta/xml/bind/jakarta.xml.bind-api/2.3.3/jakarta.xml.bind-api-2.3.3.jar:/Users/jay/Desktop/Java/learn/maven_repository/jakarta/activation/jakarta.activation-api/1.2.2/jakarta.activation-api-1.2.2.jar:/Users/jay/Desktop/Java/learn/maven_repository/org/assertj/assertj-core/3.18.1/assertj-core-3.18.1.jar:/Users/jay/Desktop/Java/learn/maven_repository/org/hamcrest/hamcrest/2.2/hamcrest-2.2.jar:/Users/jay/Desktop/Java/learn/maven_repository/org/junit/jupiter/junit-jupiter/5.7.0/junit-jupiter-5.7.0.jar:/Users/jay/Desktop/Java/learn/maven_repository/org/junit/jupiter/junit-jupiter-api/5.7.0/junit-jupiter-api-5.7.0.jar:/Users/jay/Desktop/Java/learn/maven_repository/org/apiguardian/apiguardian-api/1.1.0/apiguardian-api-1.1.0.jar:/Users/jay/Desktop/Java/learn/maven_repository/org/opentest4j/opentest4j/1.2.0/opentest4j-1.2.0.jar:/Users/jay/Desktop/Java/learn/maven_repository/org/junit/platform/junit-platform-commons/1.7.0/junit-platform-commons-1.7.0.jar:/Users/jay/Desktop/Java/learn/maven_repository/org/junit/jupiter/junit-jupiter-params/5.7.0/junit-jupiter-params-5.7.0.jar:/Users/jay/Desktop/Java/learn/maven_repository/org/junit/jupiter/junit-jupiter-engine/5.7.0/junit-jupiter-engine-5.7.0.jar:/Users/jay/Desktop/Java/learn/maven_repository/org/junit/platform/junit-platform-engine/1.7.0/junit-platform-engine-1.7.0.jar:/Users/jay/Desktop/Java/learn/maven_repository/org/mockito/mockito-core/3.6.28/mockito-core-3.6.28.jar:/Users/jay/Desktop/Java/learn/maven_repository/net/bytebuddy/byte-buddy/1.10.18/byte-buddy-1.10.18.jar:/Users/jay/Desktop/Java/learn/maven_repository/net/bytebuddy/byte-buddy-agent/1.10.18/byte-buddy-agent-1.10.18.jar:/Users/jay/Desktop/Java/learn/maven_repository/org/objenesis/objenesis/3.1/objenesis-3.1.jar:/Users/jay/Desktop/Java/learn/maven_repository/org/mockito/mockito-junit-jupiter/3.6.28/mockito-junit-jupiter-3.6.28.jar:/Users/jay/Desktop/Java/learn/maven_repository/org/skyscreamer/jsonassert/1.5.0/jsonassert-1.5.0.jar:/Users/jay/Desktop/Java/learn/maven_repository/com/vaadin/external/google/android-json/0.0.20131108.vaadin1/android-json-0.0.20131108.vaadin1.jar:/Users/jay/Desktop/Java/learn/maven_repository/org/springframework/spring-core/5.3.2/spring-core-5.3.2.jar:/Users/jay/Desktop/Java/learn/maven_repository/org/springframework/spring-jcl/5.3.2/spring-jcl-5.3.2.jar:/Users/jay/Desktop/Java/learn/maven_repository/org/springframework/spring-test/5.3.2/spring-test-5.3.2.jar:/Users/jay/Desktop/Java/learn/maven_repository/org/xmlunit/xmlunit-core/2.7.0/xmlunit-core-2.7.0.jar:/Users/jay/Desktop/Java/learn/maven_repository/org/springframework/spring-jdbc/5.3.13/spring-jdbc-5.3.13.jar:/Users/jay/Desktop/Java/learn/maven_repository/org/springframework/spring-beans/5.3.2/spring-beans-5.3.2.jar:/Users/jay/Desktop/Java/learn/maven_repository/org/springframework/spring-tx/5.3.2/spring-tx-5.3.2.jar:/Users/jay/Desktop/Java/learn/maven_repository/mysql/mysql-connector-java/8.0.22/mysql-connector-java-8.0.22.jar:/Users/jay/Desktop/Java/learn/maven_repository/com/baomidou/mybatis-plus-boot-starter/3.1.1/mybatis-plus-boot-starter-3.1.1.jar:/Users/jay/Desktop/Java/learn/maven_repository/com/baomidou/mybatis-plus/3.1.1/mybatis-plus-3.1.1.jar:/Users/jay/Desktop/Java/learn/maven_repository/com/baomidou/mybatis-plus-extension/3.1.1/mybatis-plus-extension-3.1.1.jar:/Users/jay/Desktop/Java/learn/maven_repository/com/baomidou/mybatis-plus-core/3.1.1/mybatis-plus-core-3.1.1.jar:/Users/jay/Desktop/Java/learn/maven_repository/com/baomidou/mybatis-plus-annotation/3.1.1/mybatis-plus-annotation-3.1.1.jar:/Users/jay/Desktop/Java/learn/maven_repository/com/github/jsqlparser/jsqlparser/1.2/jsqlparser-1.2.jar:/Users/jay/Desktop/Java/learn/maven_repository/org/mybatis/mybatis/3.5.1/mybatis-3.5.1.jar:/Users/jay/Desktop/Java/learn/maven_repository/org/mybatis/mybatis-spring/2.0.1/mybatis-spring-2.0.1.jar:/Users/jay/Desktop/Java/learn/maven_repository/org/springframework/boot/spring-boot-autoconfigure/2.4.1/spring-boot-autoconfigure-2.4.1.jar:/Users/jay/Desktop/Java/learn/maven_repository/org/springframework/boot/spring-boot-starter-jdbc/2.4.1/spring-boot-starter-jdbc-2.4.1.jar:/Users/jay/Desktop/Java/learn/maven_repository/com/zaxxer/HikariCP/3.4.5/HikariCP-3.4.5.jar:/Users/jay/Desktop/Java/learn/maven_repository/cn/afterturn/easypoi-base/4.0.0/easypoi-base-4.0.0.jar:/Users/jay/Desktop/Java/learn/maven_repository/org/apache/poi/poi/4.0.0/poi-4.0.0.jar:/Users/jay/Desktop/Java/learn/maven_repository/commons-codec/commons-codec/1.15/commons-codec-1.15.jar:/Users/jay/Desktop/Java/learn/maven_repository/org/apache/commons/commons-collections4/4.2/commons-collections4-4.2.jar:/Users/jay/Desktop/Java/learn/maven_repository/org/apache/poi/poi-ooxml/4.0.0/poi-ooxml-4.0.0.jar:/Users/jay/Desktop/Java/learn/maven_repository/org/apache/commons/commons-compress/1.18/commons-compress-1.18.jar:/Users/jay/Desktop/Java/learn/maven_repository/com/github/virtuald/curvesapi/1.04/curvesapi-1.04.jar:/Users/jay/Desktop/Java/learn/maven_repository/com/google/guava/guava/16.0.1/guava-16.0.1.jar:/Users/jay/Desktop/Java/learn/maven_repository/ognl/ognl/3.2.6/ognl-3.2.6.jar:/Users/jay/Desktop/Java/learn/maven_repository/org/javassist/javassist/3.20.0-GA/javassist-3.20.0-GA.jar:/Users/jay/Desktop/Java/learn/maven_repository/org/slf4j/slf4j-api/1.7.30/slf4j-api-1.7.30.jar:/Users/jay/Desktop/Java/learn/maven_repository/javax/validation/validation-api/2.0.1.Final/validation-api-2.0.1.Final.jar:/Users/jay/Desktop/Java/learn/maven_repository/cn/afterturn/easypoi-web/4.0.0/easypoi-web-4.0.0.jar:/Users/jay/Desktop/Java/learn/maven_repository/cn/afterturn/easypoi-annotation/4.0.0/easypoi-annotation-4.0.0.jar:/Users/jay/Desktop/Java/learn/maven_repository/org/apache/poi/poi-ooxml-schemas/4.1.2/poi-ooxml-schemas-4.1.2.jar:/Users/jay/Desktop/Java/learn/maven_repository/org/apache/xmlbeans/xmlbeans/3.1.0/xmlbeans-3.1.0.jar:/Users/jay/Desktop/Java/learn/maven_repository/org/codehaus/jackson/jackson-xc/1.9.12/jackson-xc-1.9.12.jar:/Users/jay/Desktop/Java/learn/maven_repository/org/codehaus/jackson/jackson-core-asl/1.9.12/jackson-core-asl-1.9.12.jar:/Users/jay/Desktop/Java/learn/maven_repository/org/codehaus/jackson/jackson-mapper-asl/1.9.12/jackson-mapper-asl-1.9.12.jar:/Users/jay/Desktop/Java/learn/maven_repository/joda-time/joda-time/2.10.13/joda-time-2.10.13.jar:/Users/jay/Desktop/Java/learn/maven_repository/org/apache/commons/commons-lang3/3.11/commons-lang3-3.11.jar:/Users/jay/Desktop/Java/learn/maven_repository/org/mapstruct/mapstruct/1.4.2.Final/mapstruct-1.4.2.Final.jar:/Users/jay/Desktop/Java/learn/maven_repository/cn/hutool/hutool-all/5.7.16/hutool-all-5.7.16.jar:/Users/jay/Desktop/Java/learn/maven_repository/io/springfox/springfox-swagger2/2.7.0/springfox-swagger2-2.7.0.jar:/Users/jay/Desktop/Java/learn/maven_repository/io/swagger/swagger-annotations/1.5.13/swagger-annotations-1.5.13.jar:/Users/jay/Desktop/Java/learn/maven_repository/io/swagger/swagger-models/1.5.13/swagger-models-1.5.13.jar:/Users/jay/Desktop/Java/learn/maven_repository/com/fasterxml/jackson/core/jackson-annotations/2.11.3/jackson-annotations-2.11.3.jar:/Users/jay/Desktop/Java/learn/maven_repository/io/springfox/springfox-spi/2.7.0/springfox-spi-2.7.0.jar:/Users/jay/Desktop/Java/learn/maven_repository/io/springfox/springfox-core/2.7.0/springfox-core-2.7.0.jar:/Users/jay/Desktop/Java/learn/maven_repository/io/springfox/springfox-schema/2.7.0/springfox-schema-2.7.0.jar:/Users/jay/Desktop/Java/learn/maven_repository/io/springfox/springfox-swagger-common/2.7.0/springfox-swagger-common-2.7.0.jar:/Users/jay/Desktop/Java/learn/maven_repository/io/springfox/springfox-spring-web/2.7.0/springfox-spring-web-2.7.0.jar:/Users/jay/Desktop/Java/learn/maven_repository/org/reflections/reflections/0.9.11/reflections-0.9.11.jar:/Users/jay/Desktop/Java/learn/maven_repository/com/fasterxml/classmate/1.5.1/classmate-1.5.1.jar:/Users/jay/Desktop/Java/learn/maven_repository/org/springframework/plugin/spring-plugin-core/1.2.0.RELEASE/spring-plugin-core-1.2.0.RELEASE.jar:/Users/jay/Desktop/Java/learn/maven_repository/org/springframework/plugin/spring-plugin-metadata/1.2.0.RELEASE/spring-plugin-metadata-1.2.0.RELEASE.jar:/Users/jay/Desktop/Java/learn/maven_repository/io/springfox/springfox-swagger-ui/2.7.0/springfox-swagger-ui-2.7.0.jar:/Users/jay/Desktop/Java/learn/maven_repository/org/springframework/boot/spring-boot-starter-data-redis/2.4.1/spring-boot-starter-data-redis-2.4.1.jar:/Users/jay/Desktop/Java/learn/maven_repository/org/springframework/data/spring-data-redis/2.4.2/spring-data-redis-2.4.2.jar:/Users/jay/Desktop/Java/learn/maven_repository/org/springframework/data/spring-data-keyvalue/2.4.2/spring-data-keyvalue-2.4.2.jar:/Users/jay/Desktop/Java/learn/maven_repository/org/springframework/data/spring-data-commons/2.4.2/spring-data-commons-2.4.2.jar:/Users/jay/Desktop/Java/learn/maven_repository/org/springframework/spring-oxm/5.3.2/spring-oxm-5.3.2.jar:/Users/jay/Desktop/Java/learn/maven_repository/org/springframework/spring-context-support/5.3.2/spring-context-support-5.3.2.jar:/Users/jay/Desktop/Java/learn/maven_repository/io/lettuce/lettuce-core/6.0.1.RELEASE/lettuce-core-6.0.1.RELEASE.jar:/Users/jay/Desktop/Java/learn/maven_repository/io/netty/netty-common/4.1.55.Final/netty-common-4.1.55.Final.jar:/Users/jay/Desktop/Java/learn/maven_repository/io/netty/netty-handler/4.1.55.Final/netty-handler-4.1.55.Final.jar:/Users/jay/Desktop/Java/learn/maven_repository/io/netty/netty-resolver/4.1.55.Final/netty-resolver-4.1.55.Final.jar:/Users/jay/Desktop/Java/learn/maven_repository/io/netty/netty-buffer/4.1.55.Final/netty-buffer-4.1.55.Final.jar:/Users/jay/Desktop/Java/learn/maven_repository/io/netty/netty-codec/4.1.55.Final/netty-codec-4.1.55.Final.jar:/Users/jay/Desktop/Java/learn/maven_repository/io/netty/netty-transport/4.1.55.Final/netty-transport-4.1.55.Final.jar:/Users/jay/Desktop/Java/learn/maven_repository/io/projectreactor/reactor-core/3.4.1/reactor-core-3.4.1.jar:/Users/jay/Desktop/Java/learn/maven_repository/org/reactivestreams/reactive-streams/1.0.3/reactive-streams-1.0.3.jar:/Users/jay/Desktop/Java/learn/maven_repository/cn/dev33/sa-token-spring-boot-starter/1.28.0/sa-token-spring-boot-starter-1.28.0.jar:/Users/jay/Desktop/Java/learn/maven_repository/cn/dev33/sa-token-servlet/1.28.0/sa-token-servlet-1.28.0.jar:/Users/jay/Desktop/Java/learn/maven_repository/cn/dev33/sa-token-dao-redis-jackson/1.28.0/sa-token-dao-redis-jackson-1.28.0.jar:/Users/jay/Desktop/Java/learn/maven_repository/cn/dev33/sa-token-core/1.28.0/sa-token-core-1.28.0.jar:/Users/jay/Desktop/Java/learn/maven_repository/org/apache/commons/commons-pool2/2.9.0/commons-pool2-2.9.0.jar:/Users/jay/Desktop/Java/learn/maven_repository/cn/dev33/sa-token-spring-aop/1.28.0/sa-token-spring-aop-1.28.0.jar:/Users/jay/Desktop/Java/learn/maven_repository/org/springframework/boot/spring-boot-starter-aop/2.4.1/spring-boot-starter-aop-2.4.1.jar:/Users/jay/Desktop/Java/learn/maven_repository/org/aspectj/aspectjweaver/1.9.6/aspectjweaver-1.9.6.jar:/Users/jay/Desktop/Java/learn/maven_repository/cn/dev33/sa-token-alone-redis/1.30.0/sa-token-alone-redis-1.30.0.jar:/Users/jay/Desktop/Java/learn/maven_repository/com/xuxueli/xxl-job-core/2.3.0/xxl-job-core-2.3.0.jar:/Users/jay/Desktop/Java/learn/maven_repository/io/netty/netty-all/4.1.55.Final/netty-all-4.1.55.Final.jar:/Users/jay/Desktop/Java/learn/maven_repository/com/google/code/gson/gson/2.8.6/gson-2.8.6.jar:/Users/jay/Desktop/Java/learn/maven_repository/org/codehaus/groovy/groovy/2.5.14/groovy-2.5.14.jar:/Users/jay/Desktop/Java/learn/maven_repository/com/alibaba/fastjson/1.2.79/fastjson-1.2.79.jar:/Users/jay/Desktop/Java/learn/maven_repository/com/alibaba/boot/nacos-config-spring-boot-starter/0.2.1/nacos-config-spring-boot-starter-0.2.1.jar:/Users/jay/Desktop/Java/learn/maven_repository/com/alibaba/nacos/nacos-spring-context/0.2.2-RC1/nacos-spring-context-0.2.2-RC1.jar:/Users/jay/Desktop/Java/learn/maven_repository/com/alibaba/nacos/nacos-client/0.2.1-RC1/nacos-client-0.2.1-RC1.jar:/Users/jay/Desktop/Java/learn/maven_repository/com/alibaba/nacos/nacos-common/0.2.1-RC1/nacos-common-0.2.1-RC1.jar:/Users/jay/Desktop/Java/learn/maven_repository/commons-io/commons-io/2.2/commons-io-2.2.jar:/Users/jay/Desktop/Java/learn/maven_repository/com/alibaba/nacos/nacos-api/0.2.1-RC1/nacos-api-0.2.1-RC1.jar:/Users/jay/Desktop/Java/learn/maven_repository/ch/qos/logback/logback-core/1.2.3/logback-core-1.2.3.jar:/Users/jay/Desktop/Java/learn/maven_repository/org/codehaus/jackson/jackson-mapper-lgpl/1.9.6/jackson-mapper-lgpl-1.9.6.jar:/Users/jay/Desktop/Java/learn/maven_repository/org/codehaus/jackson/jackson-core-lgpl/1.9.6/jackson-core-lgpl-1.9.6.jar:/Users/jay/Desktop/Java/learn/maven_repository/com/alibaba/spring/spring-context-support/1.0.1/spring-context-support-1.0.1.jar:/Users/jay/Desktop/Java/learn/maven_repository/com/alibaba/boot/nacos-config-spring-boot-autoconfigure/0.2.1/nacos-config-spring-boot-autoconfigure-0.2.1.jar:/Users/jay/Desktop/Java/learn/maven_repository/com/alibaba/boot/nacos-spring-boot-base/0.2.1/nacos-spring-boot-base-0.2.1.jar:/Users/jay/Desktop/Java/learn/maven_repository/com/alibaba/boot/nacos-config-spring-boot-actuator/0.2.1/nacos-config-spring-boot-actuator-0.2.1.jar:"/>
    <property name="https.proxyPort" value="7890"/>
    <property name="java.vm.vendor" value="Azul Systems, Inc."/>
    <property name="sun.arch.data.model" value="64"/>
    <property name="java.vendor.url" value="http://www.azul.com/"/>
    <property name="user.timezone" value=""/>
    <property name="java.vm.specification.version" value="1.8"/>
    <property name="os.name" value="Mac OS X"/>
    <property name="user.country" value="CN"/>
    <property name="sun.java.launcher" value="SUN_STANDARD"/>
    <property name="sun.boot.library.path" value="/Library/Java/JavaVirtualMachines/zulu-8.jdk/Contents/Home/jre/lib"/>
    <property name="sun.java.command" value="/Users/jay/Desktop/Java/GitHubProject/saTokenTest/saTokenDemo/target/surefire/surefirebooter8104293357976097771.jar /Users/jay/Desktop/Java/GitHubProject/saTokenTest/saTokenDemo/target/surefire 2023-06-02T17-26-49_304-jvmRun1 surefire2064183545383464365tmp surefire_01159377236610798729tmp"/>
    <property name="http.nonProxyHosts" value="192.168.0.0/16|*.192.168.0.0/16|10.0.0.0/8|*.10.0.0.0/8|172.16.0.0/12|*.172.16.0.0/12|127.0.0.1|localhost|*.localhost|local|*.local|timestamp.apple.com|*.timestamp.apple.com|sequoia.apple.com|*.sequoia.apple.com|seed-sequoia.siri.apple.com|*.seed-sequoia.siri.apple.com"/>
    <property name="surefire.test.class.path" value="/Users/jay/Desktop/Java/GitHubProject/saTokenTest/saTokenDemo/target/test-classes:/Users/jay/Desktop/Java/GitHubProject/saTokenTest/saTokenDemo/target/classes:/Users/jay/Desktop/Java/learn/maven_repository/org/projectlombok/lombok/1.16.20/lombok-1.16.20.jar:/Users/jay/Desktop/Java/learn/maven_repository/org/springframework/boot/spring-boot-starter-web/2.4.1/spring-boot-starter-web-2.4.1.jar:/Users/jay/Desktop/Java/learn/maven_repository/org/springframework/boot/spring-boot-starter/2.4.1/spring-boot-starter-2.4.1.jar:/Users/jay/Desktop/Java/learn/maven_repository/org/springframework/boot/spring-boot/2.4.1/spring-boot-2.4.1.jar:/Users/jay/Desktop/Java/learn/maven_repository/org/springframework/boot/spring-boot-starter-logging/2.4.1/spring-boot-starter-logging-2.4.1.jar:/Users/jay/Desktop/Java/learn/maven_repository/ch/qos/logback/logback-classic/1.2.3/logback-classic-1.2.3.jar:/Users/jay/Desktop/Java/learn/maven_repository/org/apache/logging/log4j/log4j-to-slf4j/2.13.3/log4j-to-slf4j-2.13.3.jar:/Users/jay/Desktop/Java/learn/maven_repository/org/apache/logging/log4j/log4j-api/2.13.3/log4j-api-2.13.3.jar:/Users/jay/Desktop/Java/learn/maven_repository/org/slf4j/jul-to-slf4j/1.7.30/jul-to-slf4j-1.7.30.jar:/Users/jay/Desktop/Java/learn/maven_repository/jakarta/annotation/jakarta.annotation-api/1.3.5/jakarta.annotation-api-1.3.5.jar:/Users/jay/Desktop/Java/learn/maven_repository/org/yaml/snakeyaml/1.27/snakeyaml-1.27.jar:/Users/jay/Desktop/Java/learn/maven_repository/org/springframework/boot/spring-boot-starter-json/2.4.1/spring-boot-starter-json-2.4.1.jar:/Users/jay/Desktop/Java/learn/maven_repository/com/fasterxml/jackson/core/jackson-databind/2.11.3/jackson-databind-2.11.3.jar:/Users/jay/Desktop/Java/learn/maven_repository/com/fasterxml/jackson/core/jackson-core/2.11.3/jackson-core-2.11.3.jar:/Users/jay/Desktop/Java/learn/maven_repository/com/fasterxml/jackson/datatype/jackson-datatype-jdk8/2.11.3/jackson-datatype-jdk8-2.11.3.jar:/Users/jay/Desktop/Java/learn/maven_repository/com/fasterxml/jackson/datatype/jackson-datatype-jsr310/2.11.3/jackson-datatype-jsr310-2.11.3.jar:/Users/jay/Desktop/Java/learn/maven_repository/com/fasterxml/jackson/module/jackson-module-parameter-names/2.11.3/jackson-module-parameter-names-2.11.3.jar:/Users/jay/Desktop/Java/learn/maven_repository/org/springframework/boot/spring-boot-starter-tomcat/2.4.1/spring-boot-starter-tomcat-2.4.1.jar:/Users/jay/Desktop/Java/learn/maven_repository/org/apache/tomcat/embed/tomcat-embed-core/9.0.41/tomcat-embed-core-9.0.41.jar:/Users/jay/Desktop/Java/learn/maven_repository/org/glassfish/jakarta.el/3.0.3/jakarta.el-3.0.3.jar:/Users/jay/Desktop/Java/learn/maven_repository/org/apache/tomcat/embed/tomcat-embed-websocket/9.0.41/tomcat-embed-websocket-9.0.41.jar:/Users/jay/Desktop/Java/learn/maven_repository/org/springframework/spring-web/5.3.2/spring-web-5.3.2.jar:/Users/jay/Desktop/Java/learn/maven_repository/org/springframework/spring-webmvc/5.3.2/spring-webmvc-5.3.2.jar:/Users/jay/Desktop/Java/learn/maven_repository/org/springframework/spring-aop/5.3.2/spring-aop-5.3.2.jar:/Users/jay/Desktop/Java/learn/maven_repository/org/springframework/spring-context/5.3.2/spring-context-5.3.2.jar:/Users/jay/Desktop/Java/learn/maven_repository/org/springframework/spring-expression/5.3.2/spring-expression-5.3.2.jar:/Users/jay/Desktop/Java/learn/maven_repository/org/springframework/boot/spring-boot-starter-test/2.4.1/spring-boot-starter-test-2.4.1.jar:/Users/jay/Desktop/Java/learn/maven_repository/org/springframework/boot/spring-boot-test/2.4.1/spring-boot-test-2.4.1.jar:/Users/jay/Desktop/Java/learn/maven_repository/org/springframework/boot/spring-boot-test-autoconfigure/2.4.1/spring-boot-test-autoconfigure-2.4.1.jar:/Users/jay/Desktop/Java/learn/maven_repository/com/jayway/jsonpath/json-path/2.4.0/json-path-2.4.0.jar:/Users/jay/Desktop/Java/learn/maven_repository/net/minidev/json-smart/2.3/json-smart-2.3.jar:/Users/jay/Desktop/Java/learn/maven_repository/net/minidev/accessors-smart/1.2/accessors-smart-1.2.jar:/Users/jay/Desktop/Java/learn/maven_repository/org/ow2/asm/asm/5.0.4/asm-5.0.4.jar:/Users/jay/Desktop/Java/learn/maven_repository/jakarta/xml/bind/jakarta.xml.bind-api/2.3.3/jakarta.xml.bind-api-2.3.3.jar:/Users/jay/Desktop/Java/learn/maven_repository/jakarta/activation/jakarta.activation-api/1.2.2/jakarta.activation-api-1.2.2.jar:/Users/jay/Desktop/Java/learn/maven_repository/org/assertj/assertj-core/3.18.1/assertj-core-3.18.1.jar:/Users/jay/Desktop/Java/learn/maven_repository/org/hamcrest/hamcrest/2.2/hamcrest-2.2.jar:/Users/jay/Desktop/Java/learn/maven_repository/org/junit/jupiter/junit-jupiter/5.7.0/junit-jupiter-5.7.0.jar:/Users/jay/Desktop/Java/learn/maven_repository/org/junit/jupiter/junit-jupiter-api/5.7.0/junit-jupiter-api-5.7.0.jar:/Users/jay/Desktop/Java/learn/maven_repository/org/apiguardian/apiguardian-api/1.1.0/apiguardian-api-1.1.0.jar:/Users/jay/Desktop/Java/learn/maven_repository/org/opentest4j/opentest4j/1.2.0/opentest4j-1.2.0.jar:/Users/jay/Desktop/Java/learn/maven_repository/org/junit/platform/junit-platform-commons/1.7.0/junit-platform-commons-1.7.0.jar:/Users/jay/Desktop/Java/learn/maven_repository/org/junit/jupiter/junit-jupiter-params/5.7.0/junit-jupiter-params-5.7.0.jar:/Users/jay/Desktop/Java/learn/maven_repository/org/junit/jupiter/junit-jupiter-engine/5.7.0/junit-jupiter-engine-5.7.0.jar:/Users/jay/Desktop/Java/learn/maven_repository/org/junit/platform/junit-platform-engine/1.7.0/junit-platform-engine-1.7.0.jar:/Users/jay/Desktop/Java/learn/maven_repository/org/mockito/mockito-core/3.6.28/mockito-core-3.6.28.jar:/Users/jay/Desktop/Java/learn/maven_repository/net/bytebuddy/byte-buddy/1.10.18/byte-buddy-1.10.18.jar:/Users/jay/Desktop/Java/learn/maven_repository/net/bytebuddy/byte-buddy-agent/1.10.18/byte-buddy-agent-1.10.18.jar:/Users/jay/Desktop/Java/learn/maven_repository/org/objenesis/objenesis/3.1/objenesis-3.1.jar:/Users/jay/Desktop/Java/learn/maven_repository/org/mockito/mockito-junit-jupiter/3.6.28/mockito-junit-jupiter-3.6.28.jar:/Users/jay/Desktop/Java/learn/maven_repository/org/skyscreamer/jsonassert/1.5.0/jsonassert-1.5.0.jar:/Users/jay/Desktop/Java/learn/maven_repository/com/vaadin/external/google/android-json/0.0.20131108.vaadin1/android-json-0.0.20131108.vaadin1.jar:/Users/jay/Desktop/Java/learn/maven_repository/org/springframework/spring-core/5.3.2/spring-core-5.3.2.jar:/Users/jay/Desktop/Java/learn/maven_repository/org/springframework/spring-jcl/5.3.2/spring-jcl-5.3.2.jar:/Users/jay/Desktop/Java/learn/maven_repository/org/springframework/spring-test/5.3.2/spring-test-5.3.2.jar:/Users/jay/Desktop/Java/learn/maven_repository/org/xmlunit/xmlunit-core/2.7.0/xmlunit-core-2.7.0.jar:/Users/jay/Desktop/Java/learn/maven_repository/org/springframework/spring-jdbc/5.3.13/spring-jdbc-5.3.13.jar:/Users/jay/Desktop/Java/learn/maven_repository/org/springframework/spring-beans/5.3.2/spring-beans-5.3.2.jar:/Users/jay/Desktop/Java/learn/maven_repository/org/springframework/spring-tx/5.3.2/spring-tx-5.3.2.jar:/Users/jay/Desktop/Java/learn/maven_repository/mysql/mysql-connector-java/8.0.22/mysql-connector-java-8.0.22.jar:/Users/jay/Desktop/Java/learn/maven_repository/com/baomidou/mybatis-plus-boot-starter/3.1.1/mybatis-plus-boot-starter-3.1.1.jar:/Users/jay/Desktop/Java/learn/maven_repository/com/baomidou/mybatis-plus/3.1.1/mybatis-plus-3.1.1.jar:/Users/jay/Desktop/Java/learn/maven_repository/com/baomidou/mybatis-plus-extension/3.1.1/mybatis-plus-extension-3.1.1.jar:/Users/jay/Desktop/Java/learn/maven_repository/com/baomidou/mybatis-plus-core/3.1.1/mybatis-plus-core-3.1.1.jar:/Users/jay/Desktop/Java/learn/maven_repository/com/baomidou/mybatis-plus-annotation/3.1.1/mybatis-plus-annotation-3.1.1.jar:/Users/jay/Desktop/Java/learn/maven_repository/com/github/jsqlparser/jsqlparser/1.2/jsqlparser-1.2.jar:/Users/jay/Desktop/Java/learn/maven_repository/org/mybatis/mybatis/3.5.1/mybatis-3.5.1.jar:/Users/jay/Desktop/Java/learn/maven_repository/org/mybatis/mybatis-spring/2.0.1/mybatis-spring-2.0.1.jar:/Users/jay/Desktop/Java/learn/maven_repository/org/springframework/boot/spring-boot-autoconfigure/2.4.1/spring-boot-autoconfigure-2.4.1.jar:/Users/jay/Desktop/Java/learn/maven_repository/org/springframework/boot/spring-boot-starter-jdbc/2.4.1/spring-boot-starter-jdbc-2.4.1.jar:/Users/jay/Desktop/Java/learn/maven_repository/com/zaxxer/HikariCP/3.4.5/HikariCP-3.4.5.jar:/Users/jay/Desktop/Java/learn/maven_repository/cn/afterturn/easypoi-base/4.0.0/easypoi-base-4.0.0.jar:/Users/jay/Desktop/Java/learn/maven_repository/org/apache/poi/poi/4.0.0/poi-4.0.0.jar:/Users/jay/Desktop/Java/learn/maven_repository/commons-codec/commons-codec/1.15/commons-codec-1.15.jar:/Users/jay/Desktop/Java/learn/maven_repository/org/apache/commons/commons-collections4/4.2/commons-collections4-4.2.jar:/Users/jay/Desktop/Java/learn/maven_repository/org/apache/poi/poi-ooxml/4.0.0/poi-ooxml-4.0.0.jar:/Users/jay/Desktop/Java/learn/maven_repository/org/apache/commons/commons-compress/1.18/commons-compress-1.18.jar:/Users/jay/Desktop/Java/learn/maven_repository/com/github/virtuald/curvesapi/1.04/curvesapi-1.04.jar:/Users/jay/Desktop/Java/learn/maven_repository/com/google/guava/guava/16.0.1/guava-16.0.1.jar:/Users/jay/Desktop/Java/learn/maven_repository/ognl/ognl/3.2.6/ognl-3.2.6.jar:/Users/jay/Desktop/Java/learn/maven_repository/org/javassist/javassist/3.20.0-GA/javassist-3.20.0-GA.jar:/Users/jay/Desktop/Java/learn/maven_repository/org/slf4j/slf4j-api/1.7.30/slf4j-api-1.7.30.jar:/Users/jay/Desktop/Java/learn/maven_repository/javax/validation/validation-api/2.0.1.Final/validation-api-2.0.1.Final.jar:/Users/jay/Desktop/Java/learn/maven_repository/cn/afterturn/easypoi-web/4.0.0/easypoi-web-4.0.0.jar:/Users/jay/Desktop/Java/learn/maven_repository/cn/afterturn/easypoi-annotation/4.0.0/easypoi-annotation-4.0.0.jar:/Users/jay/Desktop/Java/learn/maven_repository/org/apache/poi/poi-ooxml-schemas/4.1.2/poi-ooxml-schemas-4.1.2.jar:/Users/jay/Desktop/Java/learn/maven_repository/org/apache/xmlbeans/xmlbeans/3.1.0/xmlbeans-3.1.0.jar:/Users/jay/Desktop/Java/learn/maven_repository/org/codehaus/jackson/jackson-xc/1.9.12/jackson-xc-1.9.12.jar:/Users/jay/Desktop/Java/learn/maven_repository/org/codehaus/jackson/jackson-core-asl/1.9.12/jackson-core-asl-1.9.12.jar:/Users/jay/Desktop/Java/learn/maven_repository/org/codehaus/jackson/jackson-mapper-asl/1.9.12/jackson-mapper-asl-1.9.12.jar:/Users/jay/Desktop/Java/learn/maven_repository/joda-time/joda-time/2.10.13/joda-time-2.10.13.jar:/Users/jay/Desktop/Java/learn/maven_repository/org/apache/commons/commons-lang3/3.11/commons-lang3-3.11.jar:/Users/jay/Desktop/Java/learn/maven_repository/org/mapstruct/mapstruct/1.4.2.Final/mapstruct-1.4.2.Final.jar:/Users/jay/Desktop/Java/learn/maven_repository/cn/hutool/hutool-all/5.7.16/hutool-all-5.7.16.jar:/Users/jay/Desktop/Java/learn/maven_repository/io/springfox/springfox-swagger2/2.7.0/springfox-swagger2-2.7.0.jar:/Users/jay/Desktop/Java/learn/maven_repository/io/swagger/swagger-annotations/1.5.13/swagger-annotations-1.5.13.jar:/Users/jay/Desktop/Java/learn/maven_repository/io/swagger/swagger-models/1.5.13/swagger-models-1.5.13.jar:/Users/jay/Desktop/Java/learn/maven_repository/com/fasterxml/jackson/core/jackson-annotations/2.11.3/jackson-annotations-2.11.3.jar:/Users/jay/Desktop/Java/learn/maven_repository/io/springfox/springfox-spi/2.7.0/springfox-spi-2.7.0.jar:/Users/jay/Desktop/Java/learn/maven_repository/io/springfox/springfox-core/2.7.0/springfox-core-2.7.0.jar:/Users/jay/Desktop/Java/learn/maven_repository/io/springfox/springfox-schema/2.7.0/springfox-schema-2.7.0.jar:/Users/jay/Desktop/Java/learn/maven_repository/io/springfox/springfox-swagger-common/2.7.0/springfox-swagger-common-2.7.0.jar:/Users/jay/Desktop/Java/learn/maven_repository/io/springfox/springfox-spring-web/2.7.0/springfox-spring-web-2.7.0.jar:/Users/jay/Desktop/Java/learn/maven_repository/org/reflections/reflections/0.9.11/reflections-0.9.11.jar:/Users/jay/Desktop/Java/learn/maven_repository/com/fasterxml/classmate/1.5.1/classmate-1.5.1.jar:/Users/jay/Desktop/Java/learn/maven_repository/org/springframework/plugin/spring-plugin-core/1.2.0.RELEASE/spring-plugin-core-1.2.0.RELEASE.jar:/Users/jay/Desktop/Java/learn/maven_repository/org/springframework/plugin/spring-plugin-metadata/1.2.0.RELEASE/spring-plugin-metadata-1.2.0.RELEASE.jar:/Users/jay/Desktop/Java/learn/maven_repository/io/springfox/springfox-swagger-ui/2.7.0/springfox-swagger-ui-2.7.0.jar:/Users/jay/Desktop/Java/learn/maven_repository/org/springframework/boot/spring-boot-starter-data-redis/2.4.1/spring-boot-starter-data-redis-2.4.1.jar:/Users/jay/Desktop/Java/learn/maven_repository/org/springframework/data/spring-data-redis/2.4.2/spring-data-redis-2.4.2.jar:/Users/jay/Desktop/Java/learn/maven_repository/org/springframework/data/spring-data-keyvalue/2.4.2/spring-data-keyvalue-2.4.2.jar:/Users/jay/Desktop/Java/learn/maven_repository/org/springframework/data/spring-data-commons/2.4.2/spring-data-commons-2.4.2.jar:/Users/jay/Desktop/Java/learn/maven_repository/org/springframework/spring-oxm/5.3.2/spring-oxm-5.3.2.jar:/Users/jay/Desktop/Java/learn/maven_repository/org/springframework/spring-context-support/5.3.2/spring-context-support-5.3.2.jar:/Users/jay/Desktop/Java/learn/maven_repository/io/lettuce/lettuce-core/6.0.1.RELEASE/lettuce-core-6.0.1.RELEASE.jar:/Users/jay/Desktop/Java/learn/maven_repository/io/netty/netty-common/4.1.55.Final/netty-common-4.1.55.Final.jar:/Users/jay/Desktop/Java/learn/maven_repository/io/netty/netty-handler/4.1.55.Final/netty-handler-4.1.55.Final.jar:/Users/jay/Desktop/Java/learn/maven_repository/io/netty/netty-resolver/4.1.55.Final/netty-resolver-4.1.55.Final.jar:/Users/jay/Desktop/Java/learn/maven_repository/io/netty/netty-buffer/4.1.55.Final/netty-buffer-4.1.55.Final.jar:/Users/jay/Desktop/Java/learn/maven_repository/io/netty/netty-codec/4.1.55.Final/netty-codec-4.1.55.Final.jar:/Users/jay/Desktop/Java/learn/maven_repository/io/netty/netty-transport/4.1.55.Final/netty-transport-4.1.55.Final.jar:/Users/jay/Desktop/Java/learn/maven_repository/io/projectreactor/reactor-core/3.4.1/reactor-core-3.4.1.jar:/Users/jay/Desktop/Java/learn/maven_repository/org/reactivestreams/reactive-streams/1.0.3/reactive-streams-1.0.3.jar:/Users/jay/Desktop/Java/learn/maven_repository/cn/dev33/sa-token-spring-boot-starter/1.28.0/sa-token-spring-boot-starter-1.28.0.jar:/Users/jay/Desktop/Java/learn/maven_repository/cn/dev33/sa-token-servlet/1.28.0/sa-token-servlet-1.28.0.jar:/Users/jay/Desktop/Java/learn/maven_repository/cn/dev33/sa-token-dao-redis-jackson/1.28.0/sa-token-dao-redis-jackson-1.28.0.jar:/Users/jay/Desktop/Java/learn/maven_repository/cn/dev33/sa-token-core/1.28.0/sa-token-core-1.28.0.jar:/Users/jay/Desktop/Java/learn/maven_repository/org/apache/commons/commons-pool2/2.9.0/commons-pool2-2.9.0.jar:/Users/jay/Desktop/Java/learn/maven_repository/cn/dev33/sa-token-spring-aop/1.28.0/sa-token-spring-aop-1.28.0.jar:/Users/jay/Desktop/Java/learn/maven_repository/org/springframework/boot/spring-boot-starter-aop/2.4.1/spring-boot-starter-aop-2.4.1.jar:/Users/jay/Desktop/Java/learn/maven_repository/org/aspectj/aspectjweaver/1.9.6/aspectjweaver-1.9.6.jar:/Users/jay/Desktop/Java/learn/maven_repository/cn/dev33/sa-token-alone-redis/1.30.0/sa-token-alone-redis-1.30.0.jar:/Users/jay/Desktop/Java/learn/maven_repository/com/xuxueli/xxl-job-core/2.3.0/xxl-job-core-2.3.0.jar:/Users/jay/Desktop/Java/learn/maven_repository/io/netty/netty-all/4.1.55.Final/netty-all-4.1.55.Final.jar:/Users/jay/Desktop/Java/learn/maven_repository/com/google/code/gson/gson/2.8.6/gson-2.8.6.jar:/Users/jay/Desktop/Java/learn/maven_repository/org/codehaus/groovy/groovy/2.5.14/groovy-2.5.14.jar:/Users/jay/Desktop/Java/learn/maven_repository/com/alibaba/fastjson/1.2.79/fastjson-1.2.79.jar:/Users/jay/Desktop/Java/learn/maven_repository/com/alibaba/boot/nacos-config-spring-boot-starter/0.2.1/nacos-config-spring-boot-starter-0.2.1.jar:/Users/jay/Desktop/Java/learn/maven_repository/com/alibaba/nacos/nacos-spring-context/0.2.2-RC1/nacos-spring-context-0.2.2-RC1.jar:/Users/jay/Desktop/Java/learn/maven_repository/com/alibaba/nacos/nacos-client/0.2.1-RC1/nacos-client-0.2.1-RC1.jar:/Users/jay/Desktop/Java/learn/maven_repository/com/alibaba/nacos/nacos-common/0.2.1-RC1/nacos-common-0.2.1-RC1.jar:/Users/jay/Desktop/Java/learn/maven_repository/commons-io/commons-io/2.2/commons-io-2.2.jar:/Users/jay/Desktop/Java/learn/maven_repository/com/alibaba/nacos/nacos-api/0.2.1-RC1/nacos-api-0.2.1-RC1.jar:/Users/jay/Desktop/Java/learn/maven_repository/ch/qos/logback/logback-core/1.2.3/logback-core-1.2.3.jar:/Users/jay/Desktop/Java/learn/maven_repository/org/codehaus/jackson/jackson-mapper-lgpl/1.9.6/jackson-mapper-lgpl-1.9.6.jar:/Users/jay/Desktop/Java/learn/maven_repository/org/codehaus/jackson/jackson-core-lgpl/1.9.6/jackson-core-lgpl-1.9.6.jar:/Users/jay/Desktop/Java/learn/maven_repository/com/alibaba/spring/spring-context-support/1.0.1/spring-context-support-1.0.1.jar:/Users/jay/Desktop/Java/learn/maven_repository/com/alibaba/boot/nacos-config-spring-boot-autoconfigure/0.2.1/nacos-config-spring-boot-autoconfigure-0.2.1.jar:/Users/jay/Desktop/Java/learn/maven_repository/com/alibaba/boot/nacos-spring-boot-base/0.2.1/nacos-spring-boot-base-0.2.1.jar:/Users/jay/Desktop/Java/learn/maven_repository/com/alibaba/boot/nacos-config-spring-boot-actuator/0.2.1/nacos-config-spring-boot-actuator-0.2.1.jar:"/>
    <property name="sun.cpu.endian" value="little"/>
    <property name="user.home" value="/Users/jay"/>
    <property name="user.language" value="zh"/>
    <property name="java.specification.vendor" value="Oracle Corporation"/>
    <property name="java.home" value="/Library/Java/JavaVirtualMachines/zulu-8.jdk/Contents/Home/jre"/>
    <property name="basedir" value="/Users/jay/Desktop/Java/GitHubProject/saTokenTest/saTokenDemo"/>
    <property name="https.proxyHost" value="127.0.0.1"/>
    <property name="file.separator" value="/"/>
    <property name="line.separator" value="&#10;"/>
    <property name="jdk.vendor.version" value="Zulu 8.58.0.13-CA-macos-aarch64"/>
    <property name="java.vm.specification.vendor" value="Oracle Corporation"/>
    <property name="java.specification.name" value="Java Platform API Specification"/>
    <property name="java.awt.graphicsenv" value="sun.awt.CGraphicsEnvironment"/>
    <property name="surefire.real.class.path" value="/Users/jay/Desktop/Java/GitHubProject/saTokenTest/saTokenDemo/target/surefire/surefirebooter8104293357976097771.jar"/>
    <property name="sun.boot.class.path" value="/Library/Java/JavaVirtualMachines/zulu-8.jdk/Contents/Home/jre/lib/resources.jar:/Library/Java/JavaVirtualMachines/zulu-8.jdk/Contents/Home/jre/lib/rt.jar:/Library/Java/JavaVirtualMachines/zulu-8.jdk/Contents/Home/jre/lib/sunrsasign.jar:/Library/Java/JavaVirtualMachines/zulu-8.jdk/Contents/Home/jre/lib/jsse.jar:/Library/Java/JavaVirtualMachines/zulu-8.jdk/Contents/Home/jre/lib/jce.jar:/Library/Java/JavaVirtualMachines/zulu-8.jdk/Contents/Home/jre/lib/charsets.jar:/Library/Java/JavaVirtualMachines/zulu-8.jdk/Contents/Home/jre/lib/jfr.jar:/Library/Java/JavaVirtualMachines/zulu-8.jdk/Contents/Home/jre/classes"/>
    <property name="sun.management.compiler" value="HotSpot 64-Bit Tiered Compilers"/>
    <property name="ftp.nonProxyHosts" value="192.168.0.0/16|*.192.168.0.0/16|10.0.0.0/8|*.10.0.0.0/8|172.16.0.0/12|*.172.16.0.0/12|127.0.0.1|localhost|*.localhost|local|*.local|timestamp.apple.com|*.timestamp.apple.com|sequoia.apple.com|*.sequoia.apple.com|seed-sequoia.siri.apple.com|*.seed-sequoia.siri.apple.com"/>
    <property name="java.runtime.version" value="1.8.0_312-b07"/>
    <property name="user.name" value="jay"/>
    <property name="path.separator" value=":"/>
    <property name="os.version" value="13.4"/>
    <property name="java.endorsed.dirs" value="/Library/Java/JavaVirtualMachines/zulu-8.jdk/Contents/Home/jre/lib/endorsed"/>
    <property name="java.runtime.name" value="OpenJDK Runtime Environment"/>
    <property name="file.encoding" value="UTF-8"/>
    <property name="java.vm.name" value="OpenJDK 64-Bit Server VM"/>
    <property name="localRepository" value="/Users/jay/Desktop/Java/learn/maven_repository"/>
    <property name="java.vendor.url.bug" value="http://www.azul.com/support/"/>
    <property name="java.io.tmpdir" value="/var/folders/xy/w0yth9vd3k7dpnhqxk6mqp0w0000gn/T/"/>
    <property name="idea.version" value="2022.2.2"/>
    <property name="java.version" value="1.8.0_312"/>
    <property name="user.dir" value="/Users/jay/Desktop/Java/GitHubProject/saTokenTest/saTokenDemo"/>
    <property name="os.arch" value="aarch64"/>
    <property name="socksProxyPort" value="7890"/>
    <property name="java.vm.specification.name" value="Java Virtual Machine Specification"/>
    <property name="java.awt.printerjob" value="sun.lwawt.macosx.CPrinterJob"/>
    <property name="sun.os.patch.level" value="unknown"/>
    <property name="java.library.path" value="/Users/jay/Library/Java/Extensions:/Library/Java/Extensions:/Network/Library/Java/Extensions:/System/Library/Java/Extensions:/usr/lib/java:."/>
    <property name="java.vm.info" value="mixed mode"/>
    <property name="java.vendor" value="Azul Systems, Inc."/>
    <property name="java.vm.version" value="25.312-b07"/>
    <property name="java.ext.dirs" value="/Users/jay/Library/Java/Extensions:/Library/Java/JavaVirtualMachines/zulu-8.jdk/Contents/Home/jre/lib/ext:/Library/Java/Extensions:/Network/Library/Java/Extensions:/System/Library/Java/Extensions:/usr/lib/java"/>
    <property name="sun.io.unicode.encoding" value="UnicodeBig"/>
    <property name="maven.repo.local" value="/Users/jay/Desktop/Java/learn/maven_repository"/>
    <property name="java.class.version" value="52.0"/>
    <property name="socksNonProxyHosts" value="192.168.0.0/16|*.192.168.0.0/16|10.0.0.0/8|*.10.0.0.0/8|172.16.0.0/12|*.172.16.0.0/12|127.0.0.1|localhost|*.localhost|local|*.local|timestamp.apple.com|*.timestamp.apple.com|sequoia.apple.com|*.sequoia.apple.com|seed-sequoia.siri.apple.com|*.seed-sequoia.siri.apple.com"/>
    <property name="http.proxyPort" value="7890"/>
  </properties>
  <testcase name="get" classname="com.yeweiyang.token.Test1114ApplicationTests" time="0.334"/>
  <testcase name="set" classname="com.yeweiyang.token.Test1114ApplicationTests" time="0.003"/>
  <testcase name="contextLoads" classname="com.yeweiyang.token.Test1114ApplicationTests" time="0.085">
    <error message="illegal identifier : \pos 1, line 1, column 2{\&quot;caseInfo\&quot;:{\&quot;auditResult\&quot;:\&quot;4\&quot;,\&quot;caseNumber\&quot;:\&quot;2021122000002677\&quot;,\&quot;remark\&quot;:\&quot;1\&quot;},\&quot;claimInfo\&quot;:{\&quot;bsPayAmt\&quot;:\&quot;99\&quot;,\&quot;bsPayDate\&quot;:\&quot;20211221124816\&quot;,\&quot;caseType\&quot;:\&quot;2\&quot;,\&quot;drugTotalAmt\&quot;:\&quot;99\&quot;,\&quot;medicalAmt\&quot;:\&quot;99\&quot;,\&quot;personPayAmt\&quot;:\&quot;99\&quot;},\&quot;drugList\&quot;:[{\&quot;drugAudit\&quot;:\&quot;1\&quot;,\&quot;drugAuditDesc\&quot;:\&quot;通过\&quot;,\&quot;drugBussName\&quot;:\&quot;可瑞达\&quot;,\&quot;drugCode\&quot;:\&quot;1018\&quot;,\&quot;drugFactory\&quot;:\&quot;默沙东\&quot;,\&quot;drugName\&quot;:\&quot;帕博利珠单抗注射液\&quot;,\&quot;drugPrice\&quot;:\&quot;null\&quot;,\&quot;drugSpec\&quot;:\&quot;34\&quot;,\&quot;quantity\&quot;:\&quot;1.00\&quot;}],\&quot;receiveInfo\&quot;:{\&quot;actualDeliveryDate\&quot;:\&quot;20211221124816\&quot;,\&quot;auditResult\&quot;:\&quot;1\&quot;}}" type="com.alibaba.fastjson.JSONException">com.alibaba.fastjson.JSONException: illegal identifier : \pos 1, line 1, column 2{\"caseInfo\":{\"auditResult\":\"4\",\"caseNumber\":\"2021122000002677\",\"remark\":\"1\"},\"claimInfo\":{\"bsPayAmt\":\"99\",\"bsPayDate\":\"20211221124816\",\"caseType\":\"2\",\"drugTotalAmt\":\"99\",\"medicalAmt\":\"99\",\"personPayAmt\":\"99\"},\"drugList\":[{\"drugAudit\":\"1\",\"drugAuditDesc\":\"通过\",\"drugBussName\":\"可瑞达\",\"drugCode\":\"1018\",\"drugFactory\":\"默沙东\",\"drugName\":\"帕博利珠单抗注射液\",\"drugPrice\":\"null\",\"drugSpec\":\"34\",\"quantity\":\"1.00\"}],\"receiveInfo\":{\"actualDeliveryDate\":\"20211221124816\",\"auditResult\":\"1\"}}
	at com.yeweiyang.token.Test1114ApplicationTests.contextLoads(Test1114ApplicationTests.java:35)
</error>
  </testcase>
</testsuite>